<?xml version="1.0" encoding="utf-8"?>
<CoverageSession>
  <Summary numSequencePoints="217" visitedSequencePoints="31" numBranchPoints="205" visitedBranchPoints="0" sequenceCoverage="14.3" branchCoverage="0" maxCyclomaticComplexity="179" minCyclomaticComplexity="3" visitedClasses="4" numClasses="26" visitedMethods="9" numMethods="51" />
  <Modules>
    <Module hash="8EA3F30D-3DD5-4B23-9108-A8E8D303BCE2">
      <ModulePath>Tailspin.SpaceGame.Web.dll</ModulePath>
      <ModuleTime>2020-02-18T08:58:01</ModuleTime>
      <ModuleName>Tailspin.SpaceGame.Web</ModuleName>
      <Files>
        <File uid="1" fullPath="C:\Users\jai.prakash\source\repos\AzureDevOps\mslearn-tailspin-spacegame-web\Tailspin.SpaceGame.Web\LocalDocumentDBRepository.cs" />
        <File uid="2" fullPath="C:\Users\jai.prakash\source\repos\AzureDevOps\mslearn-tailspin-spacegame-web\Tailspin.SpaceGame.Web\Program.cs" />
        <File uid="3" fullPath="C:\Users\jai.prakash\source\repos\AzureDevOps\mslearn-tailspin-spacegame-web\Tailspin.SpaceGame.Web\Startup.cs" />
        <File uid="4" fullPath="C:\Users\jai.prakash\source\repos\AzureDevOps\mslearn-tailspin-spacegame-web\Tailspin.SpaceGame.Web\Models\ErrorViewModel.cs" />
        <File uid="5" fullPath="C:\Users\jai.prakash\source\repos\AzureDevOps\mslearn-tailspin-spacegame-web\Tailspin.SpaceGame.Web\Models\LeaderboardViewModel.cs" />
        <File uid="6" fullPath="C:\Users\jai.prakash\source\repos\AzureDevOps\mslearn-tailspin-spacegame-web\Tailspin.SpaceGame.Web\Models\Model.cs" />
        <File uid="7" fullPath="C:\Users\jai.prakash\source\repos\AzureDevOps\mslearn-tailspin-spacegame-web\Tailspin.SpaceGame.Web\Models\Profile.cs" />
        <File uid="8" fullPath="C:\Users\jai.prakash\source\repos\AzureDevOps\mslearn-tailspin-spacegame-web\Tailspin.SpaceGame.Web\Models\Score.cs" />
        <File uid="9" fullPath="C:\Users\jai.prakash\source\repos\AzureDevOps\mslearn-tailspin-spacegame-web\Tailspin.SpaceGame.Web\Controllers\HomeController.cs" />
      </Files>
      <Classes>
        <Class>
          <Summary numSequencePoints="18" visitedSequencePoints="10" numBranchPoints="0" visitedBranchPoints="0" sequenceCoverage="55.6" branchCoverage="100" maxCyclomaticComplexity="1" minCyclomaticComplexity="1" visitedClasses="1" numClasses="1" visitedMethods="2" numMethods="5" />
          <FullName>TailSpin.SpaceGame.Web.LocalDocumentDBRepository`1</FullName>
          <Methods>
            <Method cyclomaticComplexity="1" nPathComplexity="0" sequenceCoverage="0" branchCoverage="100" isConstructor="False" isGetter="False" isSetter="False" isStatic="True">
              <Summary numSequencePoints="1" visitedSequencePoints="0" numBranchPoints="0" visitedBranchPoints="0" sequenceCoverage="0" branchCoverage="100" maxCyclomaticComplexity="1" minCyclomaticComplexity="1" visitedClasses="0" numClasses="0" visitedMethods="0" numMethods="1" />
              <MetadataToken />
              <Name>System.Threading.Tasks.Task`1&lt;T&gt; TailSpin.SpaceGame.Web.LocalDocumentDBRepository`1::GetItemAsync(System.String)</Name>
              <FileRef uid="1" />
              <SequencePoints>
                <SequencePoint vc="0" uspid="39" ordinal="0" sl="39" sc="1" el="39" ec="2" bec="0" bev="0" fileid="1" />
              </SequencePoints>
              <BranchPoints />
              <MethodPoint vc="0" uspid="0" p8:type="SequencePoint" ordinal="0" offset="0" sc="0" sl="39" ec="1" el="39" bec="0" bev="0" fileid="1" xmlns:p8="xsi" />
            </Method>
            <Method cyclomaticComplexity="1" nPathComplexity="0" sequenceCoverage="100" branchCoverage="100" isConstructor="False" isGetter="False" isSetter="False" isStatic="True">
              <Summary numSequencePoints="7" visitedSequencePoints="7" numBranchPoints="0" visitedBranchPoints="0" sequenceCoverage="100" branchCoverage="100" maxCyclomaticComplexity="1" minCyclomaticComplexity="1" visitedClasses="0" numClasses="0" visitedMethods="1" numMethods="1" />
              <MetadataToken />
              <Name>System.Threading.Tasks.Task`1&lt;System.Collections.Generic.IEnumerable`1&lt;T&gt;&gt; TailSpin.SpaceGame.Web.LocalDocumentDBRepository`1::GetItemsAsync(System.Linq.Expressions.Expression`1&lt;System.Func`2&lt;T,System.Boolean&gt;&gt;,System.Linq.Expressions.Expression`1&lt;System.Func`2&lt;T,System.Int32&gt;&gt;,System.Int32,System.Int32)</Name>
              <FileRef uid="1" />
              <SequencePoints>
                <SequencePoint vc="5" uspid="60" ordinal="0" sl="60" sc="1" el="60" ec="2" bec="0" bev="0" fileid="1" />
                <SequencePoint vc="5" uspid="61" ordinal="1" sl="61" sc="1" el="61" ec="2" bec="0" bev="0" fileid="1" />
                <SequencePoint vc="5" uspid="62" ordinal="2" sl="62" sc="1" el="62" ec="2" bec="0" bev="0" fileid="1" />
                <SequencePoint vc="5" uspid="63" ordinal="3" sl="63" sc="1" el="63" ec="2" bec="0" bev="0" fileid="1" />
                <SequencePoint vc="5" uspid="64" ordinal="4" sl="64" sc="1" el="64" ec="2" bec="0" bev="0" fileid="1" />
                <SequencePoint vc="5" uspid="65" ordinal="5" sl="65" sc="1" el="65" ec="2" bec="0" bev="0" fileid="1" />
                <SequencePoint vc="5" uspid="67" ordinal="6" sl="67" sc="1" el="67" ec="2" bec="0" bev="0" fileid="1" />
              </SequencePoints>
              <BranchPoints />
              <MethodPoint vc="7" uspid="0" p8:type="SequencePoint" ordinal="1" offset="1" sc="0" sl="60" ec="1" el="67" bec="0" bev="0" fileid="1" xmlns:p8="xsi" />
            </Method>
            <Method cyclomaticComplexity="1" nPathComplexity="0" sequenceCoverage="0" branchCoverage="100" isConstructor="False" isGetter="False" isSetter="False" isStatic="True">
              <Summary numSequencePoints="4" visitedSequencePoints="0" numBranchPoints="0" visitedBranchPoints="0" sequenceCoverage="0" branchCoverage="100" maxCyclomaticComplexity="1" minCyclomaticComplexity="1" visitedClasses="0" numClasses="0" visitedMethods="0" numMethods="1" />
              <MetadataToken />
              <Name>System.Threading.Tasks.Task`1&lt;System.Int32&gt; TailSpin.SpaceGame.Web.LocalDocumentDBRepository`1::CountItemsAsync(System.Linq.Expressions.Expression`1&lt;System.Func`2&lt;T,System.Boolean&gt;&gt;)</Name>
              <FileRef uid="1" />
              <SequencePoints>
                <SequencePoint vc="0" uspid="80" ordinal="0" sl="80" sc="1" el="80" ec="2" bec="0" bev="0" fileid="1" />
                <SequencePoint vc="0" uspid="81" ordinal="1" sl="81" sc="1" el="81" ec="2" bec="0" bev="0" fileid="1" />
                <SequencePoint vc="0" uspid="82" ordinal="2" sl="82" sc="1" el="82" ec="2" bec="0" bev="0" fileid="1" />
                <SequencePoint vc="0" uspid="84" ordinal="3" sl="84" sc="1" el="84" ec="2" bec="0" bev="0" fileid="1" />
              </SequencePoints>
              <BranchPoints />
              <MethodPoint vc="0" uspid="0" p8:type="SequencePoint" ordinal="2" offset="2" sc="0" sl="80" ec="1" el="84" bec="0" bev="0" fileid="1" xmlns:p8="xsi" />
            </Method>
            <Method cyclomaticComplexity="1" nPathComplexity="0" sequenceCoverage="0" branchCoverage="100" isConstructor="True" isGetter="False" isSetter="False" isStatic="True">
              <Summary numSequencePoints="3" visitedSequencePoints="0" numBranchPoints="0" visitedBranchPoints="0" sequenceCoverage="0" branchCoverage="100" maxCyclomaticComplexity="1" minCyclomaticComplexity="1" visitedClasses="0" numClasses="0" visitedMethods="0" numMethods="1" />
              <MetadataToken />
              <Name>System.Void TailSpin.SpaceGame.Web.LocalDocumentDBRepository`1::.ctor(System.String)</Name>
              <FileRef uid="1" />
              <SequencePoints>
                <SequencePoint vc="0" uspid="17" ordinal="0" sl="17" sc="1" el="17" ec="2" bec="0" bev="0" fileid="1" />
                <SequencePoint vc="0" uspid="20" ordinal="1" sl="20" sc="1" el="20" ec="2" bec="0" bev="0" fileid="1" />
                <SequencePoint vc="0" uspid="21" ordinal="2" sl="21" sc="1" el="21" ec="2" bec="0" bev="0" fileid="1" />
              </SequencePoints>
              <BranchPoints />
              <MethodPoint vc="0" uspid="0" p8:type="SequencePoint" ordinal="3" offset="3" sc="0" sl="17" ec="1" el="21" bec="0" bev="0" fileid="1" xmlns:p8="xsi" />
            </Method>
            <Method cyclomaticComplexity="1" nPathComplexity="0" sequenceCoverage="100" branchCoverage="100" isConstructor="True" isGetter="False" isSetter="False" isStatic="True">
              <Summary numSequencePoints="3" visitedSequencePoints="3" numBranchPoints="0" visitedBranchPoints="0" sequenceCoverage="100" branchCoverage="100" maxCyclomaticComplexity="1" minCyclomaticComplexity="1" visitedClasses="0" numClasses="0" visitedMethods="1" numMethods="1" />
              <MetadataToken />
              <Name>System.Void TailSpin.SpaceGame.Web.LocalDocumentDBRepository`1::.ctor(System.IO.Stream)</Name>
              <FileRef uid="1" />
              <SequencePoints>
                <SequencePoint vc="5" uspid="23" ordinal="0" sl="23" sc="1" el="23" ec="2" bec="0" bev="0" fileid="1" />
                <SequencePoint vc="5" uspid="26" ordinal="1" sl="26" sc="1" el="26" ec="2" bec="0" bev="0" fileid="1" />
                <SequencePoint vc="5" uspid="27" ordinal="2" sl="27" sc="1" el="27" ec="2" bec="0" bev="0" fileid="1" />
              </SequencePoints>
              <BranchPoints />
              <MethodPoint vc="3" uspid="0" p8:type="SequencePoint" ordinal="4" offset="4" sc="0" sl="23" ec="1" el="27" bec="0" bev="0" fileid="1" xmlns:p8="xsi" />
            </Method>
          </Methods>
        </Class>
        <Class>
          <Summary numSequencePoints="4" visitedSequencePoints="0" numBranchPoints="0" visitedBranchPoints="0" sequenceCoverage="0" branchCoverage="100" maxCyclomaticComplexity="1" minCyclomaticComplexity="1" visitedClasses="0" numClasses="1" visitedMethods="0" numMethods="2" />
          <FullName>TailSpin.SpaceGame.Web.Program</FullName>
          <Methods>
            <Method cyclomaticComplexity="1" nPathComplexity="0" sequenceCoverage="0" branchCoverage="100" isConstructor="False" isGetter="False" isSetter="False" isStatic="True">
              <Summary numSequencePoints="2" visitedSequencePoints="0" numBranchPoints="0" visitedBranchPoints="0" sequenceCoverage="0" branchCoverage="100" maxCyclomaticComplexity="1" minCyclomaticComplexity="1" visitedClasses="0" numClasses="0" visitedMethods="0" numMethods="1" />
              <MetadataToken />
              <Name>System.Void TailSpin.SpaceGame.Web.Program::Main(System.String[])</Name>
              <FileRef uid="2" />
              <SequencePoints>
                <SequencePoint vc="0" uspid="10" ordinal="0" sl="10" sc="1" el="10" ec="2" bec="0" bev="0" fileid="2" />
                <SequencePoint vc="0" uspid="11" ordinal="1" sl="11" sc="1" el="11" ec="2" bec="0" bev="0" fileid="2" />
              </SequencePoints>
              <BranchPoints />
              <MethodPoint vc="0" uspid="0" p8:type="SequencePoint" ordinal="0" offset="0" sc="0" sl="10" ec="1" el="11" bec="0" bev="0" fileid="2" xmlns:p8="xsi" />
            </Method>
            <Method cyclomaticComplexity="1" nPathComplexity="0" sequenceCoverage="0" branchCoverage="100" isConstructor="False" isGetter="False" isSetter="False" isStatic="True">
              <Summary numSequencePoints="2" visitedSequencePoints="0" numBranchPoints="0" visitedBranchPoints="0" sequenceCoverage="0" branchCoverage="100" maxCyclomaticComplexity="1" minCyclomaticComplexity="1" visitedClasses="0" numClasses="0" visitedMethods="0" numMethods="1" />
              <MetadataToken />
              <Name>Microsoft.AspNetCore.Hosting.IWebHostBuilder TailSpin.SpaceGame.Web.Program::CreateWebHostBuilder(System.String[])</Name>
              <FileRef uid="2" />
              <SequencePoints>
                <SequencePoint vc="0" uspid="14" ordinal="0" sl="14" sc="1" el="14" ec="2" bec="0" bev="0" fileid="2" />
                <SequencePoint vc="0" uspid="15" ordinal="1" sl="15" sc="1" el="15" ec="2" bec="0" bev="0" fileid="2" />
              </SequencePoints>
              <BranchPoints />
              <MethodPoint vc="0" uspid="0" p8:type="SequencePoint" ordinal="1" offset="1" sc="0" sl="14" ec="1" el="15" bec="0" bev="0" fileid="2" xmlns:p8="xsi" />
            </Method>
          </Methods>
        </Class>
        <Class>
          <Summary numSequencePoints="30" visitedSequencePoints="0" numBranchPoints="6" visitedBranchPoints="0" sequenceCoverage="0" branchCoverage="0" maxCyclomaticComplexity="4" minCyclomaticComplexity="1" visitedClasses="0" numClasses="1" visitedMethods="0" numMethods="4" />
          <FullName>TailSpin.SpaceGame.Web.Startup</FullName>
          <Methods>
            <Method cyclomaticComplexity="1" nPathComplexity="0" sequenceCoverage="0" branchCoverage="100" isConstructor="False" isGetter="True" isSetter="False" isStatic="True">
              <Summary numSequencePoints="1" visitedSequencePoints="0" numBranchPoints="0" visitedBranchPoints="0" sequenceCoverage="0" branchCoverage="100" maxCyclomaticComplexity="1" minCyclomaticComplexity="1" visitedClasses="0" numClasses="0" visitedMethods="0" numMethods="1" />
              <MetadataToken />
              <Name>Microsoft.Extensions.Configuration.IConfiguration TailSpin.SpaceGame.Web.Startup::get_Configuration()</Name>
              <FileRef uid="3" />
              <SequencePoints>
                <SequencePoint vc="0" uspid="24" ordinal="0" sl="24" sc="1" el="24" ec="2" bec="0" bev="0" fileid="3" />
              </SequencePoints>
              <BranchPoints />
              <MethodPoint vc="0" uspid="0" p8:type="SequencePoint" ordinal="0" offset="0" sc="0" sl="24" ec="1" el="24" bec="0" bev="0" fileid="3" xmlns:p8="xsi" />
            </Method>
            <Method cyclomaticComplexity="2" nPathComplexity="0" sequenceCoverage="0" branchCoverage="0" isConstructor="False" isGetter="False" isSetter="False" isStatic="True">
              <Summary numSequencePoints="10" visitedSequencePoints="0" numBranchPoints="2" visitedBranchPoints="0" sequenceCoverage="0" branchCoverage="0" maxCyclomaticComplexity="2" minCyclomaticComplexity="2" visitedClasses="0" numClasses="0" visitedMethods="0" numMethods="1" />
              <MetadataToken />
              <Name>System.Void TailSpin.SpaceGame.Web.Startup::ConfigureServices(Microsoft.Extensions.DependencyInjection.IServiceCollection)</Name>
              <FileRef uid="3" />
              <SequencePoints>
                <SequencePoint vc="0" uspid="29" ordinal="0" sl="29" sc="1" el="29" ec="2" bec="0" bev="0" fileid="3" />
                <SequencePoint vc="0" uspid="30" ordinal="1" sl="30" sc="1" el="30" ec="2" bec="0" bev="0" fileid="3" />
                <SequencePoint vc="0" uspid="31" ordinal="2" sl="31" sc="1" el="31" ec="2" bec="0" bev="0" fileid="3" />
                <SequencePoint vc="0" uspid="32" ordinal="3" sl="32" sc="1" el="32" ec="2" bec="0" bev="0" fileid="3" />
                <SequencePoint vc="0" uspid="33" ordinal="4" sl="33" sc="1" el="33" ec="2" bec="0" bev="0" fileid="3" />
                <SequencePoint vc="0" uspid="34" ordinal="5" sl="34" sc="1" el="34" ec="2" bec="0" bev="0" fileid="3" />
                <SequencePoint vc="0" uspid="35" ordinal="6" sl="35" sc="1" el="35" ec="2" bec="0" bev="0" fileid="3" />
                <SequencePoint vc="0" uspid="38" ordinal="7" sl="38" sc="1" el="38" ec="2" bec="0" bev="0" fileid="3" />
                <SequencePoint vc="0" uspid="39" ordinal="8" sl="39" sc="1" el="39" ec="2" bec="0" bev="0" fileid="3" />
                <SequencePoint vc="0" uspid="40" ordinal="9" sl="40" sc="1" el="40" ec="2" bec="0" bev="0" fileid="3" />
              </SequencePoints>
              <BranchPoints>
                <BranchPoint vc="0" uspid="30" ordinal="0" path="0" offset="14" offsetend="16" sl="30" fileid="3" />
                <BranchPoint vc="0" uspid="30" ordinal="1" path="1" offset="14" offsetend="39" sl="30" fileid="3" />
              </BranchPoints>
              <MethodPoint vc="0" uspid="0" p8:type="SequencePoint" ordinal="1" offset="1" sc="0" sl="29" ec="1" el="40" bec="0" bev="0" fileid="3" xmlns:p8="xsi" />
            </Method>
            <Method cyclomaticComplexity="4" nPathComplexity="0" sequenceCoverage="0" branchCoverage="0" isConstructor="False" isGetter="False" isSetter="False" isStatic="True">
              <Summary numSequencePoints="16" visitedSequencePoints="0" numBranchPoints="4" visitedBranchPoints="0" sequenceCoverage="0" branchCoverage="0" maxCyclomaticComplexity="4" minCyclomaticComplexity="4" visitedClasses="0" numClasses="0" visitedMethods="0" numMethods="1" />
              <MetadataToken />
              <Name>System.Void TailSpin.SpaceGame.Web.Startup::Configure(Microsoft.AspNetCore.Builder.IApplicationBuilder,Microsoft.AspNetCore.Hosting.IWebHostEnvironment)</Name>
              <FileRef uid="3" />
              <SequencePoints>
                <SequencePoint vc="0" uspid="45" ordinal="0" sl="45" sc="1" el="45" ec="2" bec="0" bev="0" fileid="3" />
                <SequencePoint vc="0" uspid="47" ordinal="1" sl="47" sc="1" el="47" ec="2" bec="0" bev="0" fileid="3" />
                <SequencePoint vc="0" uspid="48" ordinal="2" sl="48" sc="1" el="48" ec="2" bec="0" bev="0" fileid="3" />
                <SequencePoint vc="0" uspid="51" ordinal="3" sl="51" sc="1" el="51" ec="2" bec="0" bev="0" fileid="3" />
                <SequencePoint vc="0" uspid="52" ordinal="4" sl="52" sc="1" el="52" ec="2" bec="0" bev="0" fileid="3" />
                <SequencePoint vc="0" uspid="55" ordinal="5" sl="55" sc="1" el="55" ec="2" bec="0" bev="0" fileid="3" />
                <SequencePoint vc="0" uspid="56" ordinal="6" sl="56" sc="1" el="56" ec="2" bec="0" bev="0" fileid="3" />
                <SequencePoint vc="0" uspid="58" ordinal="7" sl="58" sc="1" el="58" ec="2" bec="0" bev="0" fileid="3" />
                <SequencePoint vc="0" uspid="60" ordinal="8" sl="60" sc="1" el="60" ec="2" bec="0" bev="0" fileid="3" />
                <SequencePoint vc="0" uspid="62" ordinal="9" sl="62" sc="1" el="62" ec="2" bec="0" bev="0" fileid="3" />
                <SequencePoint vc="0" uspid="63" ordinal="10" sl="63" sc="1" el="63" ec="2" bec="0" bev="0" fileid="3" />
                <SequencePoint vc="0" uspid="64" ordinal="11" sl="64" sc="1" el="64" ec="2" bec="0" bev="0" fileid="3" />
                <SequencePoint vc="0" uspid="65" ordinal="12" sl="65" sc="1" el="65" ec="2" bec="0" bev="0" fileid="3" />
                <SequencePoint vc="0" uspid="66" ordinal="13" sl="66" sc="1" el="66" ec="2" bec="0" bev="0" fileid="3" />
                <SequencePoint vc="0" uspid="67" ordinal="14" sl="67" sc="1" el="67" ec="2" bec="0" bev="0" fileid="3" />
                <SequencePoint vc="0" uspid="68" ordinal="15" sl="68" sc="1" el="68" ec="2" bec="0" bev="0" fileid="3" />
              </SequencePoints>
              <BranchPoints>
                <BranchPoint vc="0" uspid="45" ordinal="0" path="0" offset="6" offsetend="8" sl="45" fileid="3" />
                <BranchPoint vc="0" uspid="45" ordinal="1" path="1" offset="6" offsetend="17" sl="45" fileid="3" />
                <BranchPoint vc="0" uspid="62" ordinal="2" path="0" offset="71" offsetend="73" sl="62" fileid="3" />
                <BranchPoint vc="0" uspid="62" ordinal="3" path="1" offset="71" offsetend="96" sl="62" fileid="3" />
              </BranchPoints>
              <MethodPoint vc="0" uspid="0" p8:type="SequencePoint" ordinal="2" offset="2" sc="0" sl="45" ec="1" el="68" bec="0" bev="0" fileid="3" xmlns:p8="xsi" />
            </Method>
            <Method cyclomaticComplexity="1" nPathComplexity="0" sequenceCoverage="0" branchCoverage="100" isConstructor="True" isGetter="False" isSetter="False" isStatic="True">
              <Summary numSequencePoints="3" visitedSequencePoints="0" numBranchPoints="0" visitedBranchPoints="0" sequenceCoverage="0" branchCoverage="100" maxCyclomaticComplexity="1" minCyclomaticComplexity="1" visitedClasses="0" numClasses="0" visitedMethods="0" numMethods="1" />
              <MetadataToken />
              <Name>System.Void TailSpin.SpaceGame.Web.Startup::.ctor(Microsoft.Extensions.Configuration.IConfiguration)</Name>
              <FileRef uid="3" />
              <SequencePoints>
                <SequencePoint vc="0" uspid="19" ordinal="0" sl="19" sc="1" el="19" ec="2" bec="0" bev="0" fileid="3" />
                <SequencePoint vc="0" uspid="21" ordinal="1" sl="21" sc="1" el="21" ec="2" bec="0" bev="0" fileid="3" />
                <SequencePoint vc="0" uspid="22" ordinal="2" sl="22" sc="1" el="22" ec="2" bec="0" bev="0" fileid="3" />
              </SequencePoints>
              <BranchPoints />
              <MethodPoint vc="0" uspid="0" p8:type="SequencePoint" ordinal="3" offset="3" sc="0" sl="19" ec="1" el="22" bec="0" bev="0" fileid="3" xmlns:p8="xsi" />
            </Method>
          </Methods>
        </Class>
        <Class>
          <Summary numSequencePoints="0" visitedSequencePoints="0" numBranchPoints="2" visitedBranchPoints="0" sequenceCoverage="100" branchCoverage="0" maxCyclomaticComplexity="2" minCyclomaticComplexity="2" visitedClasses="0" numClasses="1" visitedMethods="0" numMethods="0" />
          <FullName>TailSpin.SpaceGame.Web.Startup/&lt;&gt;c</FullName>
          <Methods />
        </Class>
        <Class>
          <Summary numSequencePoints="2" visitedSequencePoints="0" numBranchPoints="0" visitedBranchPoints="0" sequenceCoverage="0" branchCoverage="100" maxCyclomaticComplexity="1" minCyclomaticComplexity="1" visitedClasses="0" numClasses="1" visitedMethods="0" numMethods="2" />
          <FullName>TailSpin.SpaceGame.Web.Models.ErrorViewModel</FullName>
          <Methods>
            <Method cyclomaticComplexity="1" nPathComplexity="0" sequenceCoverage="0" branchCoverage="100" isConstructor="False" isGetter="True" isSetter="False" isStatic="True">
              <Summary numSequencePoints="1" visitedSequencePoints="0" numBranchPoints="0" visitedBranchPoints="0" sequenceCoverage="0" branchCoverage="100" maxCyclomaticComplexity="1" minCyclomaticComplexity="1" visitedClasses="0" numClasses="0" visitedMethods="0" numMethods="1" />
              <MetadataToken />
              <Name>System.String TailSpin.SpaceGame.Web.Models.ErrorViewModel::get_RequestId()</Name>
              <FileRef uid="4" />
              <SequencePoints>
                <SequencePoint vc="0" uspid="5" ordinal="0" sl="5" sc="1" el="5" ec="2" bec="0" bev="0" fileid="4" />
              </SequencePoints>
              <BranchPoints />
              <MethodPoint vc="0" uspid="0" p8:type="SequencePoint" ordinal="0" offset="0" sc="0" sl="5" ec="1" el="5" bec="0" bev="0" fileid="4" xmlns:p8="xsi" />
            </Method>
            <Method cyclomaticComplexity="1" nPathComplexity="0" sequenceCoverage="0" branchCoverage="100" isConstructor="False" isGetter="True" isSetter="False" isStatic="True">
              <Summary numSequencePoints="1" visitedSequencePoints="0" numBranchPoints="0" visitedBranchPoints="0" sequenceCoverage="0" branchCoverage="100" maxCyclomaticComplexity="1" minCyclomaticComplexity="1" visitedClasses="0" numClasses="0" visitedMethods="0" numMethods="1" />
              <MetadataToken />
              <Name>System.Boolean TailSpin.SpaceGame.Web.Models.ErrorViewModel::get_ShowRequestId()</Name>
              <FileRef uid="4" />
              <SequencePoints>
                <SequencePoint vc="0" uspid="7" ordinal="0" sl="7" sc="1" el="7" ec="2" bec="0" bev="0" fileid="4" />
              </SequencePoints>
              <BranchPoints />
              <MethodPoint vc="0" uspid="0" p8:type="SequencePoint" ordinal="1" offset="1" sc="0" sl="7" ec="1" el="7" bec="0" bev="0" fileid="4" xmlns:p8="xsi" />
            </Method>
          </Methods>
        </Class>
        <Class>
          <Summary numSequencePoints="10" visitedSequencePoints="0" numBranchPoints="0" visitedBranchPoints="0" sequenceCoverage="0" branchCoverage="100" maxCyclomaticComplexity="1" minCyclomaticComplexity="1" visitedClasses="0" numClasses="1" visitedMethods="0" numMethods="10" />
          <FullName>TailSpin.SpaceGame.Web.Models.LeaderboardViewModel</FullName>
          <Methods>
            <Method cyclomaticComplexity="1" nPathComplexity="0" sequenceCoverage="0" branchCoverage="100" isConstructor="False" isGetter="True" isSetter="False" isStatic="True">
              <Summary numSequencePoints="1" visitedSequencePoints="0" numBranchPoints="0" visitedBranchPoints="0" sequenceCoverage="0" branchCoverage="100" maxCyclomaticComplexity="1" minCyclomaticComplexity="1" visitedClasses="0" numClasses="0" visitedMethods="0" numMethods="1" />
              <MetadataToken />
              <Name>System.String TailSpin.SpaceGame.Web.Models.LeaderboardViewModel::get_SelectedMode()</Name>
              <FileRef uid="5" />
              <SequencePoints>
                <SequencePoint vc="0" uspid="8" ordinal="0" sl="8" sc="1" el="8" ec="2" bec="0" bev="0" fileid="5" />
              </SequencePoints>
              <BranchPoints />
              <MethodPoint vc="0" uspid="0" p8:type="SequencePoint" ordinal="0" offset="0" sc="0" sl="8" ec="1" el="8" bec="0" bev="0" fileid="5" xmlns:p8="xsi" />
            </Method>
            <Method cyclomaticComplexity="1" nPathComplexity="0" sequenceCoverage="0" branchCoverage="100" isConstructor="False" isGetter="True" isSetter="False" isStatic="True">
              <Summary numSequencePoints="1" visitedSequencePoints="0" numBranchPoints="0" visitedBranchPoints="0" sequenceCoverage="0" branchCoverage="100" maxCyclomaticComplexity="1" minCyclomaticComplexity="1" visitedClasses="0" numClasses="0" visitedMethods="0" numMethods="1" />
              <MetadataToken />
              <Name>System.String TailSpin.SpaceGame.Web.Models.LeaderboardViewModel::get_SelectedRegion()</Name>
              <FileRef uid="5" />
              <SequencePoints>
                <SequencePoint vc="0" uspid="10" ordinal="0" sl="10" sc="1" el="10" ec="2" bec="0" bev="0" fileid="5" />
              </SequencePoints>
              <BranchPoints />
              <MethodPoint vc="0" uspid="0" p8:type="SequencePoint" ordinal="1" offset="1" sc="0" sl="10" ec="1" el="10" bec="0" bev="0" fileid="5" xmlns:p8="xsi" />
            </Method>
            <Method cyclomaticComplexity="1" nPathComplexity="0" sequenceCoverage="0" branchCoverage="100" isConstructor="False" isGetter="True" isSetter="False" isStatic="True">
              <Summary numSequencePoints="1" visitedSequencePoints="0" numBranchPoints="0" visitedBranchPoints="0" sequenceCoverage="0" branchCoverage="100" maxCyclomaticComplexity="1" minCyclomaticComplexity="1" visitedClasses="0" numClasses="0" visitedMethods="0" numMethods="1" />
              <MetadataToken />
              <Name>System.Int32 TailSpin.SpaceGame.Web.Models.LeaderboardViewModel::get_Page()</Name>
              <FileRef uid="5" />
              <SequencePoints>
                <SequencePoint vc="0" uspid="12" ordinal="0" sl="12" sc="1" el="12" ec="2" bec="0" bev="0" fileid="5" />
              </SequencePoints>
              <BranchPoints />
              <MethodPoint vc="0" uspid="0" p8:type="SequencePoint" ordinal="2" offset="2" sc="0" sl="12" ec="1" el="12" bec="0" bev="0" fileid="5" xmlns:p8="xsi" />
            </Method>
            <Method cyclomaticComplexity="1" nPathComplexity="0" sequenceCoverage="0" branchCoverage="100" isConstructor="False" isGetter="True" isSetter="False" isStatic="True">
              <Summary numSequencePoints="1" visitedSequencePoints="0" numBranchPoints="0" visitedBranchPoints="0" sequenceCoverage="0" branchCoverage="100" maxCyclomaticComplexity="1" minCyclomaticComplexity="1" visitedClasses="0" numClasses="0" visitedMethods="0" numMethods="1" />
              <MetadataToken />
              <Name>System.Int32 TailSpin.SpaceGame.Web.Models.LeaderboardViewModel::get_PageSize()</Name>
              <FileRef uid="5" />
              <SequencePoints>
                <SequencePoint vc="0" uspid="14" ordinal="0" sl="14" sc="1" el="14" ec="2" bec="0" bev="0" fileid="5" />
              </SequencePoints>
              <BranchPoints />
              <MethodPoint vc="0" uspid="0" p8:type="SequencePoint" ordinal="3" offset="3" sc="0" sl="14" ec="1" el="14" bec="0" bev="0" fileid="5" xmlns:p8="xsi" />
            </Method>
            <Method cyclomaticComplexity="1" nPathComplexity="0" sequenceCoverage="0" branchCoverage="100" isConstructor="False" isGetter="True" isSetter="False" isStatic="True">
              <Summary numSequencePoints="1" visitedSequencePoints="0" numBranchPoints="0" visitedBranchPoints="0" sequenceCoverage="0" branchCoverage="100" maxCyclomaticComplexity="1" minCyclomaticComplexity="1" visitedClasses="0" numClasses="0" visitedMethods="0" numMethods="1" />
              <MetadataToken />
              <Name>System.Collections.Generic.IEnumerable`1&lt;TailSpin.SpaceGame.Web.Models.ScoreProfile&gt; TailSpin.SpaceGame.Web.Models.LeaderboardViewModel::get_Scores()</Name>
              <FileRef uid="5" />
              <SequencePoints>
                <SequencePoint vc="0" uspid="17" ordinal="0" sl="17" sc="1" el="17" ec="2" bec="0" bev="0" fileid="5" />
              </SequencePoints>
              <BranchPoints />
              <MethodPoint vc="0" uspid="0" p8:type="SequencePoint" ordinal="4" offset="4" sc="0" sl="17" ec="1" el="17" bec="0" bev="0" fileid="5" xmlns:p8="xsi" />
            </Method>
            <Method cyclomaticComplexity="1" nPathComplexity="0" sequenceCoverage="0" branchCoverage="100" isConstructor="False" isGetter="True" isSetter="False" isStatic="True">
              <Summary numSequencePoints="1" visitedSequencePoints="0" numBranchPoints="0" visitedBranchPoints="0" sequenceCoverage="0" branchCoverage="100" maxCyclomaticComplexity="1" minCyclomaticComplexity="1" visitedClasses="0" numClasses="0" visitedMethods="0" numMethods="1" />
              <MetadataToken />
              <Name>System.Collections.Generic.IEnumerable`1&lt;System.String&gt; TailSpin.SpaceGame.Web.Models.LeaderboardViewModel::get_GameModes()</Name>
              <FileRef uid="5" />
              <SequencePoints>
                <SequencePoint vc="0" uspid="19" ordinal="0" sl="19" sc="1" el="19" ec="2" bec="0" bev="0" fileid="5" />
              </SequencePoints>
              <BranchPoints />
              <MethodPoint vc="0" uspid="0" p8:type="SequencePoint" ordinal="5" offset="5" sc="0" sl="19" ec="1" el="19" bec="0" bev="0" fileid="5" xmlns:p8="xsi" />
            </Method>
            <Method cyclomaticComplexity="1" nPathComplexity="0" sequenceCoverage="0" branchCoverage="100" isConstructor="False" isGetter="True" isSetter="False" isStatic="True">
              <Summary numSequencePoints="1" visitedSequencePoints="0" numBranchPoints="0" visitedBranchPoints="0" sequenceCoverage="0" branchCoverage="100" maxCyclomaticComplexity="1" minCyclomaticComplexity="1" visitedClasses="0" numClasses="0" visitedMethods="0" numMethods="1" />
              <MetadataToken />
              <Name>System.Collections.Generic.IEnumerable`1&lt;System.String&gt; TailSpin.SpaceGame.Web.Models.LeaderboardViewModel::get_GameRegions()</Name>
              <FileRef uid="5" />
              <SequencePoints>
                <SequencePoint vc="0" uspid="21" ordinal="0" sl="21" sc="1" el="21" ec="2" bec="0" bev="0" fileid="5" />
              </SequencePoints>
              <BranchPoints />
              <MethodPoint vc="0" uspid="0" p8:type="SequencePoint" ordinal="6" offset="6" sc="0" sl="21" ec="1" el="21" bec="0" bev="0" fileid="5" xmlns:p8="xsi" />
            </Method>
            <Method cyclomaticComplexity="1" nPathComplexity="0" sequenceCoverage="0" branchCoverage="100" isConstructor="False" isGetter="True" isSetter="False" isStatic="True">
              <Summary numSequencePoints="1" visitedSequencePoints="0" numBranchPoints="0" visitedBranchPoints="0" sequenceCoverage="0" branchCoverage="100" maxCyclomaticComplexity="1" minCyclomaticComplexity="1" visitedClasses="0" numClasses="0" visitedMethods="0" numMethods="1" />
              <MetadataToken />
              <Name>System.String TailSpin.SpaceGame.Web.Models.LeaderboardViewModel::get_PrevLink()</Name>
              <FileRef uid="5" />
              <SequencePoints>
                <SequencePoint vc="0" uspid="25" ordinal="0" sl="25" sc="1" el="25" ec="2" bec="0" bev="0" fileid="5" />
              </SequencePoints>
              <BranchPoints />
              <MethodPoint vc="0" uspid="0" p8:type="SequencePoint" ordinal="7" offset="7" sc="0" sl="25" ec="1" el="25" bec="0" bev="0" fileid="5" xmlns:p8="xsi" />
            </Method>
            <Method cyclomaticComplexity="1" nPathComplexity="0" sequenceCoverage="0" branchCoverage="100" isConstructor="False" isGetter="True" isSetter="False" isStatic="True">
              <Summary numSequencePoints="1" visitedSequencePoints="0" numBranchPoints="0" visitedBranchPoints="0" sequenceCoverage="0" branchCoverage="100" maxCyclomaticComplexity="1" minCyclomaticComplexity="1" visitedClasses="0" numClasses="0" visitedMethods="0" numMethods="1" />
              <MetadataToken />
              <Name>System.String TailSpin.SpaceGame.Web.Models.LeaderboardViewModel::get_NextLink()</Name>
              <FileRef uid="5" />
              <SequencePoints>
                <SequencePoint vc="0" uspid="28" ordinal="0" sl="28" sc="1" el="28" ec="2" bec="0" bev="0" fileid="5" />
              </SequencePoints>
              <BranchPoints />
              <MethodPoint vc="0" uspid="0" p8:type="SequencePoint" ordinal="8" offset="8" sc="0" sl="28" ec="1" el="28" bec="0" bev="0" fileid="5" xmlns:p8="xsi" />
            </Method>
            <Method cyclomaticComplexity="1" nPathComplexity="0" sequenceCoverage="0" branchCoverage="100" isConstructor="False" isGetter="True" isSetter="False" isStatic="True">
              <Summary numSequencePoints="1" visitedSequencePoints="0" numBranchPoints="0" visitedBranchPoints="0" sequenceCoverage="0" branchCoverage="100" maxCyclomaticComplexity="1" minCyclomaticComplexity="1" visitedClasses="0" numClasses="0" visitedMethods="0" numMethods="1" />
              <MetadataToken />
              <Name>System.Int32 TailSpin.SpaceGame.Web.Models.LeaderboardViewModel::get_TotalResults()</Name>
              <FileRef uid="5" />
              <SequencePoints>
                <SequencePoint vc="0" uspid="30" ordinal="0" sl="30" sc="1" el="30" ec="2" bec="0" bev="0" fileid="5" />
              </SequencePoints>
              <BranchPoints />
              <MethodPoint vc="0" uspid="0" p8:type="SequencePoint" ordinal="9" offset="9" sc="0" sl="30" ec="1" el="30" bec="0" bev="0" fileid="5" xmlns:p8="xsi" />
            </Method>
          </Methods>
        </Class>
        <Class>
          <Summary numSequencePoints="1" visitedSequencePoints="1" numBranchPoints="0" visitedBranchPoints="0" sequenceCoverage="100" branchCoverage="100" maxCyclomaticComplexity="1" minCyclomaticComplexity="1" visitedClasses="1" numClasses="1" visitedMethods="1" numMethods="1" />
          <FullName>TailSpin.SpaceGame.Web.Models.Model</FullName>
          <Methods>
            <Method cyclomaticComplexity="1" nPathComplexity="0" sequenceCoverage="100" branchCoverage="100" isConstructor="False" isGetter="True" isSetter="False" isStatic="True">
              <Summary numSequencePoints="1" visitedSequencePoints="1" numBranchPoints="0" visitedBranchPoints="0" sequenceCoverage="100" branchCoverage="100" maxCyclomaticComplexity="1" minCyclomaticComplexity="1" visitedClasses="0" numClasses="0" visitedMethods="1" numMethods="1" />
              <MetadataToken />
              <Name>System.String TailSpin.SpaceGame.Web.Models.Model::get_Id()</Name>
              <FileRef uid="6" />
              <SequencePoints>
                <SequencePoint vc="125" uspid="12" ordinal="0" sl="12" sc="1" el="12" ec="2" bec="0" bev="0" fileid="6" />
              </SequencePoints>
              <BranchPoints />
              <MethodPoint vc="1" uspid="0" p8:type="SequencePoint" ordinal="0" offset="0" sc="0" sl="12" ec="1" el="12" bec="0" bev="0" fileid="6" xmlns:p8="xsi" />
            </Method>
          </Methods>
        </Class>
        <Class>
          <Summary numSequencePoints="3" visitedSequencePoints="0" numBranchPoints="0" visitedBranchPoints="0" sequenceCoverage="0" branchCoverage="100" maxCyclomaticComplexity="1" minCyclomaticComplexity="1" visitedClasses="0" numClasses="1" visitedMethods="0" numMethods="3" />
          <FullName>TailSpin.SpaceGame.Web.Models.Profile</FullName>
          <Methods>
            <Method cyclomaticComplexity="1" nPathComplexity="0" sequenceCoverage="0" branchCoverage="100" isConstructor="False" isGetter="True" isSetter="False" isStatic="True">
              <Summary numSequencePoints="1" visitedSequencePoints="0" numBranchPoints="0" visitedBranchPoints="0" sequenceCoverage="0" branchCoverage="100" maxCyclomaticComplexity="1" minCyclomaticComplexity="1" visitedClasses="0" numClasses="0" visitedMethods="0" numMethods="1" />
              <MetadataToken />
              <Name>System.String TailSpin.SpaceGame.Web.Models.Profile::get_UserName()</Name>
              <FileRef uid="7" />
              <SequencePoints>
                <SequencePoint vc="0" uspid="9" ordinal="0" sl="9" sc="1" el="9" ec="2" bec="0" bev="0" fileid="7" />
              </SequencePoints>
              <BranchPoints />
              <MethodPoint vc="0" uspid="0" p8:type="SequencePoint" ordinal="0" offset="0" sc="0" sl="9" ec="1" el="9" bec="0" bev="0" fileid="7" xmlns:p8="xsi" />
            </Method>
            <Method cyclomaticComplexity="1" nPathComplexity="0" sequenceCoverage="0" branchCoverage="100" isConstructor="False" isGetter="True" isSetter="False" isStatic="True">
              <Summary numSequencePoints="1" visitedSequencePoints="0" numBranchPoints="0" visitedBranchPoints="0" sequenceCoverage="0" branchCoverage="100" maxCyclomaticComplexity="1" minCyclomaticComplexity="1" visitedClasses="0" numClasses="0" visitedMethods="0" numMethods="1" />
              <MetadataToken />
              <Name>System.String TailSpin.SpaceGame.Web.Models.Profile::get_AvatarUrl()</Name>
              <FileRef uid="7" />
              <SequencePoints>
                <SequencePoint vc="0" uspid="13" ordinal="0" sl="13" sc="1" el="13" ec="2" bec="0" bev="0" fileid="7" />
              </SequencePoints>
              <BranchPoints />
              <MethodPoint vc="0" uspid="0" p8:type="SequencePoint" ordinal="1" offset="1" sc="0" sl="13" ec="1" el="13" bec="0" bev="0" fileid="7" xmlns:p8="xsi" />
            </Method>
            <Method cyclomaticComplexity="1" nPathComplexity="0" sequenceCoverage="0" branchCoverage="100" isConstructor="False" isGetter="True" isSetter="False" isStatic="True">
              <Summary numSequencePoints="1" visitedSequencePoints="0" numBranchPoints="0" visitedBranchPoints="0" sequenceCoverage="0" branchCoverage="100" maxCyclomaticComplexity="1" minCyclomaticComplexity="1" visitedClasses="0" numClasses="0" visitedMethods="0" numMethods="1" />
              <MetadataToken />
              <Name>System.String[] TailSpin.SpaceGame.Web.Models.Profile::get_Achievements()</Name>
              <FileRef uid="7" />
              <SequencePoints>
                <SequencePoint vc="0" uspid="17" ordinal="0" sl="17" sc="1" el="17" ec="2" bec="0" bev="0" fileid="7" />
              </SequencePoints>
              <BranchPoints />
              <MethodPoint vc="0" uspid="0" p8:type="SequencePoint" ordinal="2" offset="2" sc="0" sl="17" ec="1" el="17" bec="0" bev="0" fileid="7" xmlns:p8="xsi" />
            </Method>
          </Methods>
        </Class>
        <Class>
          <Summary numSequencePoints="4" visitedSequencePoints="4" numBranchPoints="0" visitedBranchPoints="0" sequenceCoverage="100" branchCoverage="100" maxCyclomaticComplexity="1" minCyclomaticComplexity="1" visitedClasses="1" numClasses="1" visitedMethods="4" numMethods="4" />
          <FullName>TailSpin.SpaceGame.Web.Models.Score</FullName>
          <Methods>
            <Method cyclomaticComplexity="1" nPathComplexity="0" sequenceCoverage="100" branchCoverage="100" isConstructor="False" isGetter="True" isSetter="False" isStatic="True">
              <Summary numSequencePoints="1" visitedSequencePoints="1" numBranchPoints="0" visitedBranchPoints="0" sequenceCoverage="100" branchCoverage="100" maxCyclomaticComplexity="1" minCyclomaticComplexity="1" visitedClasses="0" numClasses="0" visitedMethods="1" numMethods="1" />
              <MetadataToken />
              <Name>System.String TailSpin.SpaceGame.Web.Models.Score::get_ProfileId()</Name>
              <FileRef uid="8" />
              <SequencePoints>
                <SequencePoint vc="125" uspid="9" ordinal="0" sl="9" sc="1" el="9" ec="2" bec="0" bev="0" fileid="8" />
              </SequencePoints>
              <BranchPoints />
              <MethodPoint vc="1" uspid="0" p8:type="SequencePoint" ordinal="0" offset="0" sc="0" sl="9" ec="1" el="9" bec="0" bev="0" fileid="8" xmlns:p8="xsi" />
            </Method>
            <Method cyclomaticComplexity="1" nPathComplexity="0" sequenceCoverage="100" branchCoverage="100" isConstructor="False" isGetter="True" isSetter="False" isStatic="True">
              <Summary numSequencePoints="1" visitedSequencePoints="1" numBranchPoints="0" visitedBranchPoints="0" sequenceCoverage="100" branchCoverage="100" maxCyclomaticComplexity="1" minCyclomaticComplexity="1" visitedClasses="0" numClasses="0" visitedMethods="1" numMethods="1" />
              <MetadataToken />
              <Name>System.Int32 TailSpin.SpaceGame.Web.Models.Score::get_HighScore()</Name>
              <FileRef uid="8" />
              <SequencePoints>
                <SequencePoint vc="125" uspid="13" ordinal="0" sl="13" sc="1" el="13" ec="2" bec="0" bev="0" fileid="8" />
              </SequencePoints>
              <BranchPoints />
              <MethodPoint vc="1" uspid="0" p8:type="SequencePoint" ordinal="1" offset="1" sc="0" sl="13" ec="1" el="13" bec="0" bev="0" fileid="8" xmlns:p8="xsi" />
            </Method>
            <Method cyclomaticComplexity="1" nPathComplexity="0" sequenceCoverage="100" branchCoverage="100" isConstructor="False" isGetter="True" isSetter="False" isStatic="True">
              <Summary numSequencePoints="1" visitedSequencePoints="1" numBranchPoints="0" visitedBranchPoints="0" sequenceCoverage="100" branchCoverage="100" maxCyclomaticComplexity="1" minCyclomaticComplexity="1" visitedClasses="0" numClasses="0" visitedMethods="1" numMethods="1" />
              <MetadataToken />
              <Name>System.String TailSpin.SpaceGame.Web.Models.Score::get_GameMode()</Name>
              <FileRef uid="8" />
              <SequencePoints>
                <SequencePoint vc="125" uspid="17" ordinal="0" sl="17" sc="1" el="17" ec="2" bec="0" bev="0" fileid="8" />
              </SequencePoints>
              <BranchPoints />
              <MethodPoint vc="1" uspid="0" p8:type="SequencePoint" ordinal="2" offset="2" sc="0" sl="17" ec="1" el="17" bec="0" bev="0" fileid="8" xmlns:p8="xsi" />
            </Method>
            <Method cyclomaticComplexity="1" nPathComplexity="0" sequenceCoverage="100" branchCoverage="100" isConstructor="False" isGetter="True" isSetter="False" isStatic="True">
              <Summary numSequencePoints="1" visitedSequencePoints="1" numBranchPoints="0" visitedBranchPoints="0" sequenceCoverage="100" branchCoverage="100" maxCyclomaticComplexity="1" minCyclomaticComplexity="1" visitedClasses="0" numClasses="0" visitedMethods="1" numMethods="1" />
              <MetadataToken />
              <Name>System.String TailSpin.SpaceGame.Web.Models.Score::get_GameRegion()</Name>
              <FileRef uid="8" />
              <SequencePoints>
                <SequencePoint vc="271" uspid="21" ordinal="0" sl="21" sc="1" el="21" ec="2" bec="0" bev="0" fileid="8" />
              </SequencePoints>
              <BranchPoints />
              <MethodPoint vc="1" uspid="0" p8:type="SequencePoint" ordinal="3" offset="3" sc="0" sl="21" ec="1" el="21" bec="0" bev="0" fileid="8" xmlns:p8="xsi" />
            </Method>
          </Methods>
        </Class>
        <Class>
          <Summary numSequencePoints="9" visitedSequencePoints="0" numBranchPoints="4" visitedBranchPoints="0" sequenceCoverage="0" branchCoverage="0" maxCyclomaticComplexity="4" minCyclomaticComplexity="1" visitedClasses="0" numClasses="1" visitedMethods="0" numMethods="3" />
          <FullName>TailSpin.SpaceGame.Web.Controllers.HomeController</FullName>
          <Methods>
            <Method cyclomaticComplexity="1" nPathComplexity="0" sequenceCoverage="0" branchCoverage="100" isConstructor="False" isGetter="False" isSetter="False" isStatic="True">
              <Summary numSequencePoints="1" visitedSequencePoints="0" numBranchPoints="0" visitedBranchPoints="0" sequenceCoverage="0" branchCoverage="100" maxCyclomaticComplexity="1" minCyclomaticComplexity="1" visitedClasses="0" numClasses="0" visitedMethods="0" numMethods="1" />
              <MetadataToken />
              <Name>Microsoft.AspNetCore.Mvc.IActionResult TailSpin.SpaceGame.Web.Controllers.HomeController::Privacy()</Name>
              <FileRef uid="9" />
              <SequencePoints>
                <SequencePoint vc="0" uspid="130" ordinal="0" sl="130" sc="1" el="130" ec="2" bec="0" bev="0" fileid="9" />
              </SequencePoints>
              <BranchPoints />
              <MethodPoint vc="0" uspid="0" p8:type="SequencePoint" ordinal="0" offset="0" sc="0" sl="130" ec="1" el="130" bec="0" bev="0" fileid="9" xmlns:p8="xsi" />
            </Method>
            <Method cyclomaticComplexity="4" nPathComplexity="0" sequenceCoverage="0" branchCoverage="0" isConstructor="False" isGetter="False" isSetter="False" isStatic="True">
              <Summary numSequencePoints="1" visitedSequencePoints="0" numBranchPoints="4" visitedBranchPoints="0" sequenceCoverage="0" branchCoverage="0" maxCyclomaticComplexity="4" minCyclomaticComplexity="4" visitedClasses="0" numClasses="0" visitedMethods="0" numMethods="1" />
              <MetadataToken />
              <Name>Microsoft.AspNetCore.Mvc.IActionResult TailSpin.SpaceGame.Web.Controllers.HomeController::Error()</Name>
              <FileRef uid="9" />
              <SequencePoints>
                <SequencePoint vc="0" uspid="136" ordinal="0" sl="136" sc="1" el="136" ec="2" bec="0" bev="0" fileid="9" />
              </SequencePoints>
              <BranchPoints>
                <BranchPoint vc="0" uspid="136" ordinal="0" path="0" offset="13" offsetend="15" sl="136" fileid="9" />
                <BranchPoint vc="0" uspid="136" ordinal="1" path="1" offset="13" offsetend="19" sl="136" fileid="9" />
                <BranchPoint vc="0" uspid="136" ordinal="2" path="0" offset="25" offsetend="27" sl="136" fileid="9" />
                <BranchPoint vc="0" uspid="136" ordinal="3" path="1" offset="25" offsetend="39" sl="136" fileid="9" />
              </BranchPoints>
              <MethodPoint vc="0" uspid="0" p8:type="SequencePoint" ordinal="1" offset="1" sc="0" sl="136" ec="1" el="136" bec="0" bev="0" fileid="9" xmlns:p8="xsi" />
            </Method>
            <Method cyclomaticComplexity="1" nPathComplexity="0" sequenceCoverage="0" branchCoverage="100" isConstructor="True" isGetter="False" isSetter="False" isStatic="True">
              <Summary numSequencePoints="7" visitedSequencePoints="0" numBranchPoints="0" visitedBranchPoints="0" sequenceCoverage="0" branchCoverage="100" maxCyclomaticComplexity="1" minCyclomaticComplexity="1" visitedClasses="0" numClasses="0" visitedMethods="0" numMethods="1" />
              <MetadataToken />
              <Name>System.Void TailSpin.SpaceGame.Web.Controllers.HomeController::.ctor(TailSpin.SpaceGame.Web.IDocumentDBRepository`1&lt;TailSpin.SpaceGame.Web.Models.Score&gt;,TailSpin.SpaceGame.Web.IDocumentDBRepository`1&lt;TailSpin.SpaceGame.Web.Models.Profile&gt;)</Name>
              <FileRef uid="9" />
              <SequencePoints>
                <SequencePoint vc="0" uspid="19" ordinal="0" sl="19" sc="1" el="19" ec="2" bec="0" bev="0" fileid="9" />
                <SequencePoint vc="0" uspid="20" ordinal="1" sl="20" sc="1" el="20" ec="2" bec="0" bev="0" fileid="9" />
                <SequencePoint vc="0" uspid="21" ordinal="2" sl="21" sc="1" el="21" ec="2" bec="0" bev="0" fileid="9" />
                <SequencePoint vc="0" uspid="22" ordinal="3" sl="22" sc="1" el="22" ec="2" bec="0" bev="0" fileid="9" />
                <SequencePoint vc="0" uspid="24" ordinal="4" sl="24" sc="1" el="24" ec="2" bec="0" bev="0" fileid="9" />
                <SequencePoint vc="0" uspid="25" ordinal="5" sl="25" sc="1" el="25" ec="2" bec="0" bev="0" fileid="9" />
                <SequencePoint vc="0" uspid="26" ordinal="6" sl="26" sc="1" el="26" ec="2" bec="0" bev="0" fileid="9" />
              </SequencePoints>
              <BranchPoints />
              <MethodPoint vc="0" uspid="0" p8:type="SequencePoint" ordinal="2" offset="2" sc="0" sl="19" ec="1" el="26" bec="0" bev="0" fileid="9" xmlns:p8="xsi" />
            </Method>
          </Methods>
        </Class>
        <Class>
          <Summary numSequencePoints="1" visitedSequencePoints="0" numBranchPoints="0" visitedBranchPoints="0" sequenceCoverage="0" branchCoverage="100" maxCyclomaticComplexity="1" minCyclomaticComplexity="1" visitedClasses="0" numClasses="1" visitedMethods="0" numMethods="1" />
          <FullName>TailSpin.SpaceGame.Web.Controllers.HomeController/&lt;&gt;c</FullName>
          <Methods>
            <Method cyclomaticComplexity="1" nPathComplexity="0" sequenceCoverage="0" branchCoverage="100" isConstructor="False" isGetter="False" isSetter="False" isStatic="True">
              <Summary numSequencePoints="1" visitedSequencePoints="0" numBranchPoints="0" visitedBranchPoints="0" sequenceCoverage="0" branchCoverage="100" maxCyclomaticComplexity="1" minCyclomaticComplexity="1" visitedClasses="0" numClasses="0" visitedMethods="0" numMethods="1" />
              <MetadataToken />
              <Name>TailSpin.SpaceGame.Web.Models.ScoreProfile TailSpin.SpaceGame.Web.Controllers.HomeController/&lt;&gt;c::&lt;Index&gt;b__3_1(TailSpin.SpaceGame.Web.Models.Score,System.Threading.Tasks.Task`1&lt;TailSpin.SpaceGame.Web.Models.Profile&gt;)</Name>
              <FileRef uid="9" />
              <SequencePoints>
                <SequencePoint vc="0" uspid="104" ordinal="0" sl="104" sc="1" el="104" ec="2" bec="0" bev="0" fileid="9" />
              </SequencePoints>
              <BranchPoints />
              <MethodPoint vc="0" uspid="0" p8:type="SequencePoint" ordinal="0" offset="0" sc="0" sl="104" ec="1" el="104" bec="0" bev="0" fileid="9" xmlns:p8="xsi" />
            </Method>
          </Methods>
        </Class>
        <Class>
          <Summary numSequencePoints="46" visitedSequencePoints="0" numBranchPoints="16" visitedBranchPoints="0" sequenceCoverage="0" branchCoverage="0" maxCyclomaticComplexity="16" minCyclomaticComplexity="16" visitedClasses="0" numClasses="1" visitedMethods="0" numMethods="1" />
          <FullName>TailSpin.SpaceGame.Web.Controllers.HomeController/&lt;Index&gt;d__3</FullName>
          <Methods>
            <Method cyclomaticComplexity="16" nPathComplexity="0" sequenceCoverage="0" branchCoverage="0" isConstructor="False" isGetter="False" isSetter="False" isStatic="True">
              <Summary numSequencePoints="46" visitedSequencePoints="0" numBranchPoints="16" visitedBranchPoints="0" sequenceCoverage="0" branchCoverage="0" maxCyclomaticComplexity="16" minCyclomaticComplexity="16" visitedClasses="0" numClasses="0" visitedMethods="0" numMethods="1" />
              <MetadataToken />
              <Name>System.Void TailSpin.SpaceGame.Web.Controllers.HomeController/&lt;Index&gt;d__3::MoveNext()</Name>
              <FileRef uid="9" />
              <SequencePoints>
                <SequencePoint vc="0" uspid="36" ordinal="0" sl="36" sc="1" el="36" ec="2" bec="0" bev="0" fileid="9" />
                <SequencePoint vc="0" uspid="37" ordinal="1" sl="37" sc="1" el="37" ec="2" bec="0" bev="0" fileid="9" />
                <SequencePoint vc="0" uspid="38" ordinal="2" sl="38" sc="1" el="38" ec="2" bec="0" bev="0" fileid="9" />
                <SequencePoint vc="0" uspid="39" ordinal="3" sl="39" sc="1" el="39" ec="2" bec="0" bev="0" fileid="9" />
                <SequencePoint vc="0" uspid="40" ordinal="4" sl="40" sc="1" el="40" ec="2" bec="0" bev="0" fileid="9" />
                <SequencePoint vc="0" uspid="41" ordinal="5" sl="41" sc="1" el="41" ec="2" bec="0" bev="0" fileid="9" />
                <SequencePoint vc="0" uspid="42" ordinal="6" sl="42" sc="1" el="42" ec="2" bec="0" bev="0" fileid="9" />
                <SequencePoint vc="0" uspid="43" ordinal="7" sl="43" sc="1" el="43" ec="2" bec="0" bev="0" fileid="9" />
                <SequencePoint vc="0" uspid="44" ordinal="8" sl="44" sc="1" el="44" ec="2" bec="0" bev="0" fileid="9" />
                <SequencePoint vc="0" uspid="45" ordinal="9" sl="45" sc="1" el="45" ec="2" bec="0" bev="0" fileid="9" />
                <SequencePoint vc="0" uspid="46" ordinal="10" sl="46" sc="1" el="46" ec="2" bec="0" bev="0" fileid="9" />
                <SequencePoint vc="0" uspid="47" ordinal="11" sl="47" sc="1" el="47" ec="2" bec="0" bev="0" fileid="9" />
                <SequencePoint vc="0" uspid="48" ordinal="12" sl="48" sc="1" el="48" ec="2" bec="0" bev="0" fileid="9" />
                <SequencePoint vc="0" uspid="49" ordinal="13" sl="49" sc="1" el="49" ec="2" bec="0" bev="0" fileid="9" />
                <SequencePoint vc="0" uspid="50" ordinal="14" sl="50" sc="1" el="50" ec="2" bec="0" bev="0" fileid="9" />
                <SequencePoint vc="0" uspid="51" ordinal="15" sl="51" sc="1" el="51" ec="2" bec="0" bev="0" fileid="9" />
                <SequencePoint vc="0" uspid="52" ordinal="16" sl="52" sc="1" el="52" ec="2" bec="0" bev="0" fileid="9" />
                <SequencePoint vc="0" uspid="53" ordinal="17" sl="53" sc="1" el="53" ec="2" bec="0" bev="0" fileid="9" />
                <SequencePoint vc="0" uspid="54" ordinal="18" sl="54" sc="1" el="54" ec="2" bec="0" bev="0" fileid="9" />
                <SequencePoint vc="0" uspid="55" ordinal="19" sl="55" sc="1" el="55" ec="2" bec="0" bev="0" fileid="9" />
                <SequencePoint vc="0" uspid="56" ordinal="20" sl="56" sc="1" el="56" ec="2" bec="0" bev="0" fileid="9" />
                <SequencePoint vc="0" uspid="57" ordinal="21" sl="57" sc="1" el="57" ec="2" bec="0" bev="0" fileid="9" />
                <SequencePoint vc="0" uspid="58" ordinal="22" sl="58" sc="1" el="58" ec="2" bec="0" bev="0" fileid="9" />
                <SequencePoint vc="0" uspid="66" ordinal="23" sl="66" sc="1" el="66" ec="2" bec="0" bev="0" fileid="9" />
                <SequencePoint vc="0" uspid="67" ordinal="24" sl="67" sc="1" el="67" ec="2" bec="0" bev="0" fileid="9" />
                <SequencePoint vc="0" uspid="68" ordinal="25" sl="68" sc="1" el="68" ec="2" bec="0" bev="0" fileid="9" />
                <SequencePoint vc="0" uspid="71" ordinal="26" sl="71" sc="1" el="71" ec="2" bec="0" bev="0" fileid="9" />
                <SequencePoint vc="0" uspid="74" ordinal="27" sl="74" sc="1" el="74" ec="2" bec="0" bev="0" fileid="9" />
                <SequencePoint vc="0" uspid="75" ordinal="28" sl="75" sc="1" el="75" ec="2" bec="0" bev="0" fileid="9" />
                <SequencePoint vc="0" uspid="76" ordinal="29" sl="76" sc="1" el="76" ec="2" bec="0" bev="0" fileid="9" />
                <SequencePoint vc="0" uspid="77" ordinal="30" sl="77" sc="1" el="77" ec="2" bec="0" bev="0" fileid="9" />
                <SequencePoint vc="0" uspid="78" ordinal="31" sl="78" sc="1" el="78" ec="2" bec="0" bev="0" fileid="9" />
                <SequencePoint vc="0" uspid="79" ordinal="32" sl="79" sc="1" el="79" ec="2" bec="0" bev="0" fileid="9" />
                <SequencePoint vc="0" uspid="82" ordinal="33" sl="82" sc="1" el="82" ec="2" bec="0" bev="0" fileid="9" />
                <SequencePoint vc="0" uspid="85" ordinal="34" sl="85" sc="1" el="85" ec="2" bec="0" bev="0" fileid="9" />
                <SequencePoint vc="0" uspid="87" ordinal="35" sl="87" sc="1" el="87" ec="2" bec="0" bev="0" fileid="9" />
                <SequencePoint vc="0" uspid="89" ordinal="36" sl="89" sc="1" el="89" ec="2" bec="0" bev="0" fileid="9" />
                <SequencePoint vc="0" uspid="91" ordinal="37" sl="91" sc="1" el="91" ec="2" bec="0" bev="0" fileid="9" />
                <SequencePoint vc="0" uspid="96" ordinal="38" sl="96" sc="1" el="96" ec="2" bec="0" bev="0" fileid="9" />
                <SequencePoint vc="0" uspid="97" ordinal="39" sl="97" sc="1" el="97" ec="2" bec="0" bev="0" fileid="9" />
                <SequencePoint vc="0" uspid="99" ordinal="40" sl="99" sc="1" el="99" ec="2" bec="0" bev="0" fileid="9" />
                <SequencePoint vc="0" uspid="101" ordinal="41" sl="101" sc="1" el="101" ec="2" bec="0" bev="0" fileid="9" />
                <SequencePoint vc="0" uspid="106" ordinal="42" sl="106" sc="1" el="106" ec="2" bec="0" bev="0" fileid="9" />
                <SequencePoint vc="0" uspid="108" ordinal="43" sl="108" sc="1" el="108" ec="2" bec="0" bev="0" fileid="9" />
                <SequencePoint vc="0" uspid="110" ordinal="44" sl="110" sc="1" el="110" ec="2" bec="0" bev="0" fileid="9" />
                <SequencePoint vc="0" uspid="112" ordinal="45" sl="112" sc="1" el="112" ec="2" bec="0" bev="0" fileid="9" />
              </SequencePoints>
              <BranchPoints>
                <BranchPoint vc="0" uspid="36" ordinal="0" path="0" offset="247" offsetend="252" sl="36" fileid="9" />
                <BranchPoint vc="0" uspid="36" ordinal="2" path="0" offset="254" offsetend="259" sl="36" fileid="9" />
                <BranchPoint vc="0" uspid="74" ordinal="4" path="0" offset="689" offsetend="691" sl="74" fileid="9" />
                <BranchPoint vc="0" uspid="36" ordinal="1" path="1" offset="247" offsetend="727" sl="36" fileid="9" />
                <BranchPoint vc="0" uspid="74" ordinal="5" path="1" offset="689" offsetend="756" sl="74" fileid="9" />
                <BranchPoint vc="0" uspid="82" ordinal="6" path="0" offset="805" offsetend="807" sl="82" fileid="9" />
                <BranchPoint vc="0" uspid="36" ordinal="3" path="1" offset="254" offsetend="843" sl="36" fileid="9" />
                <BranchPoint vc="0" uspid="82" ordinal="7" path="1" offset="805" offsetend="872" sl="82" fileid="9" />
                <BranchPoint vc="0" uspid="85" ordinal="8" path="0" offset="908" offsetend="910" sl="85" fileid="9" />
                <BranchPoint vc="0" uspid="85" ordinal="9" path="1" offset="908" offsetend="995" sl="85" fileid="9" />
                <BranchPoint vc="0" uspid="89" ordinal="10" path="0" offset="1019" offsetend="1021" sl="89" fileid="9" />
                <BranchPoint vc="0" uspid="89" ordinal="11" path="1" offset="1019" offsetend="1106" sl="89" fileid="9" />
                <BranchPoint vc="0" uspid="97" ordinal="13" path="1" offset="1169" offsetend="1128" sl="97" fileid="9" />
                <BranchPoint vc="0" uspid="97" ordinal="12" path="0" offset="1169" offsetend="1171" sl="97" fileid="9" />
                <BranchPoint vc="0" uspid="104" ordinal="14" path="0" offset="1225" offsetend="1227" sl="104" fileid="9" />
                <BranchPoint vc="0" uspid="104" ordinal="15" path="1" offset="1225" offsetend="1250" sl="104" fileid="9" />
              </BranchPoints>
              <MethodPoint vc="0" uspid="0" p8:type="SequencePoint" ordinal="0" offset="0" sc="0" sl="36" ec="1" el="112" bec="0" bev="0" fileid="9" xmlns:p8="xsi" />
            </Method>
          </Methods>
        </Class>
        <Class>
          <Summary numSequencePoints="4" visitedSequencePoints="0" numBranchPoints="2" visitedBranchPoints="0" sequenceCoverage="0" branchCoverage="0" maxCyclomaticComplexity="2" minCyclomaticComplexity="2" visitedClasses="0" numClasses="1" visitedMethods="0" numMethods="1" />
          <FullName>TailSpin.SpaceGame.Web.Controllers.HomeController/&lt;Profile&gt;d__4</FullName>
          <Methods>
            <Method cyclomaticComplexity="2" nPathComplexity="0" sequenceCoverage="0" branchCoverage="0" isConstructor="False" isGetter="False" isSetter="False" isStatic="True">
              <Summary numSequencePoints="4" visitedSequencePoints="0" numBranchPoints="2" visitedBranchPoints="0" sequenceCoverage="0" branchCoverage="0" maxCyclomaticComplexity="2" minCyclomaticComplexity="2" visitedClasses="0" numClasses="0" visitedMethods="0" numMethods="1" />
              <MetadataToken />
              <Name>System.Void TailSpin.SpaceGame.Web.Controllers.HomeController/&lt;Profile&gt;d__4::MoveNext()</Name>
              <FileRef uid="9" />
              <SequencePoints>
                <SequencePoint vc="0" uspid="120" ordinal="0" sl="120" sc="1" el="120" ec="2" bec="0" bev="0" fileid="9" />
                <SequencePoint vc="0" uspid="122" ordinal="1" sl="122" sc="1" el="122" ec="2" bec="0" bev="0" fileid="9" />
                <SequencePoint vc="0" uspid="124" ordinal="2" sl="124" sc="1" el="124" ec="2" bec="0" bev="0" fileid="9" />
                <SequencePoint vc="0" uspid="126" ordinal="3" sl="126" sc="1" el="126" ec="2" bec="0" bev="0" fileid="9" />
              </SequencePoints>
              <BranchPoints>
                <BranchPoint vc="0" uspid="120" ordinal="0" path="0" offset="62" offsetend="64" sl="120" fileid="9" />
                <BranchPoint vc="0" uspid="120" ordinal="1" path="1" offset="62" offsetend="129" sl="120" fileid="9" />
              </BranchPoints>
              <MethodPoint vc="0" uspid="0" p8:type="SequencePoint" ordinal="0" offset="0" sc="0" sl="120" ec="1" el="126" bec="0" bev="0" fileid="9" xmlns:p8="xsi" />
            </Method>
          </Methods>
        </Class>
      </Classes>
    </Module>
    <Module hash="50422A8D-6D39-452A-8A9D-18DD48F100F5">
      <ModulePath>Tailspin.SpaceGame.Web.Tests.dll</ModulePath>
      <ModuleTime>2020-02-18T08:58:01</ModuleTime>
      <ModuleName>Tailspin.SpaceGame.Web.Tests</ModuleName>
      <Files>
        <File uid="10" fullPath="C:\Users\jai.prakash\source\repos\AzureDevOps\mslearn-tailspin-spacegame-web\Tailspin.SpaceGame.Web.Tests\obj\Release\netcoreapp3.1\Tailspin.SpaceGame.Web.Tests.Program.cs" />
        <File uid="11" fullPath="C:\Users\jai.prakash\source\repos\AzureDevOps\mslearn-tailspin-spacegame-web\Tailspin.SpaceGame.Web.Tests\DocumentDBRepository_GetItemsAsyncShould.cs" />
      </Files>
      <Classes>
        <Class>
          <Summary numSequencePoints="1" visitedSequencePoints="0" numBranchPoints="0" visitedBranchPoints="0" sequenceCoverage="0" branchCoverage="100" maxCyclomaticComplexity="1" minCyclomaticComplexity="1" visitedClasses="0" numClasses="1" visitedMethods="0" numMethods="1" />
          <FullName>AutoGeneratedProgram</FullName>
          <Methods>
            <Method cyclomaticComplexity="1" nPathComplexity="0" sequenceCoverage="0" branchCoverage="100" isConstructor="False" isGetter="False" isSetter="False" isStatic="True">
              <Summary numSequencePoints="1" visitedSequencePoints="0" numBranchPoints="0" visitedBranchPoints="0" sequenceCoverage="0" branchCoverage="100" maxCyclomaticComplexity="1" minCyclomaticComplexity="1" visitedClasses="0" numClasses="0" visitedMethods="0" numMethods="1" />
              <MetadataToken />
              <Name>System.Void AutoGeneratedProgram::Main(System.String[])</Name>
              <FileRef uid="10" />
              <SequencePoints>
                <SequencePoint vc="0" uspid="4" ordinal="0" sl="4" sc="1" el="4" ec="2" bec="0" bev="0" fileid="10" />
              </SequencePoints>
              <BranchPoints />
              <MethodPoint vc="0" uspid="0" p8:type="SequencePoint" ordinal="0" offset="0" sc="0" sl="4" ec="1" el="4" bec="0" bev="0" fileid="10" xmlns:p8="xsi" />
            </Method>
          </Methods>
        </Class>
        <Class>
          <Summary numSequencePoints="16" visitedSequencePoints="16" numBranchPoints="0" visitedBranchPoints="0" sequenceCoverage="100" branchCoverage="100" maxCyclomaticComplexity="1" minCyclomaticComplexity="1" visitedClasses="1" numClasses="1" visitedMethods="2" numMethods="2" />
          <FullName>Tests.DocumentDBRepository_GetItemsAsyncShould</FullName>
          <Methods>
            <Method cyclomaticComplexity="1" nPathComplexity="0" sequenceCoverage="100" branchCoverage="100" isConstructor="False" isGetter="False" isSetter="False" isStatic="True">
              <Summary numSequencePoints="6" visitedSequencePoints="6" numBranchPoints="0" visitedBranchPoints="0" sequenceCoverage="100" branchCoverage="100" maxCyclomaticComplexity="1" minCyclomaticComplexity="1" visitedClasses="0" numClasses="0" visitedMethods="1" numMethods="1" />
              <MetadataToken />
              <Name>System.Void Tests.DocumentDBRepository_GetItemsAsyncShould::Setup()</Name>
              <FileRef uid="11" />
              <SequencePoints>
                <SequencePoint vc="5" uspid="19" ordinal="0" sl="19" sc="1" el="19" ec="2" bec="0" bev="0" fileid="11" />
                <SequencePoint vc="5" uspid="20" ordinal="1" sl="20" sc="1" el="20" ec="2" bec="0" bev="0" fileid="11" />
                <SequencePoint vc="5" uspid="21" ordinal="2" sl="21" sc="1" el="21" ec="2" bec="0" bev="0" fileid="11" />
                <SequencePoint vc="5" uspid="23" ordinal="3" sl="23" sc="1" el="23" ec="2" bec="0" bev="0" fileid="11" />
                <SequencePoint vc="5" uspid="24" ordinal="4" sl="24" sc="1" el="24" ec="2" bec="0" bev="0" fileid="11" />
                <SequencePoint vc="5" uspid="25" ordinal="5" sl="25" sc="1" el="25" ec="2" bec="0" bev="0" fileid="11" />
              </SequencePoints>
              <BranchPoints />
              <MethodPoint vc="6" uspid="0" p8:type="SequencePoint" ordinal="0" offset="0" sc="0" sl="19" ec="1" el="25" bec="0" bev="0" fileid="11" xmlns:p8="xsi" />
            </Method>
            <Method cyclomaticComplexity="1" nPathComplexity="0" sequenceCoverage="100" branchCoverage="100" isConstructor="False" isGetter="False" isSetter="False" isStatic="True">
              <Summary numSequencePoints="10" visitedSequencePoints="10" numBranchPoints="0" visitedBranchPoints="0" sequenceCoverage="100" branchCoverage="100" maxCyclomaticComplexity="1" minCyclomaticComplexity="1" visitedClasses="0" numClasses="0" visitedMethods="1" numMethods="1" />
              <MetadataToken />
              <Name>System.Void Tests.DocumentDBRepository_GetItemsAsyncShould::FetchOnlyRequestedGameRegion(System.String)</Name>
              <FileRef uid="11" />
              <SequencePoints>
                <SequencePoint vc="5" uspid="39" ordinal="0" sl="39" sc="1" el="39" ec="2" bec="0" bev="0" fileid="11" />
                <SequencePoint vc="5" uspid="42" ordinal="1" sl="42" sc="1" el="42" ec="2" bec="0" bev="0" fileid="11" />
                <SequencePoint vc="5" uspid="43" ordinal="2" sl="43" sc="1" el="43" ec="2" bec="0" bev="0" fileid="11" />
                <SequencePoint vc="5" uspid="44" ordinal="3" sl="44" sc="1" el="44" ec="2" bec="0" bev="0" fileid="11" />
                <SequencePoint vc="5" uspid="45" ordinal="4" sl="45" sc="1" el="45" ec="2" bec="0" bev="0" fileid="11" />
                <SequencePoint vc="5" uspid="46" ordinal="5" sl="46" sc="1" el="46" ec="2" bec="0" bev="0" fileid="11" />
                <SequencePoint vc="5" uspid="47" ordinal="6" sl="47" sc="1" el="47" ec="2" bec="0" bev="0" fileid="11" />
                <SequencePoint vc="5" uspid="48" ordinal="7" sl="48" sc="1" el="48" ec="2" bec="0" bev="0" fileid="11" />
                <SequencePoint vc="26" uspid="51" ordinal="8" sl="51" sc="1" el="51" ec="2" bec="0" bev="0" fileid="11" />
                <SequencePoint vc="5" uspid="52" ordinal="9" sl="52" sc="1" el="52" ec="2" bec="0" bev="0" fileid="11" />
              </SequencePoints>
              <BranchPoints />
              <MethodPoint vc="10" uspid="0" p8:type="SequencePoint" ordinal="1" offset="1" sc="0" sl="39" ec="1" el="52" bec="0" bev="0" fileid="11" xmlns:p8="xsi" />
            </Method>
          </Methods>
        </Class>
      </Classes>
    </Module>
    <Module hash="4B02241C-40F8-452C-BDC1-D7656379CF2D">
      <ModulePath>Tailspin.SpaceGame.Web.Views.dll</ModulePath>
      <ModuleTime>2020-02-18T08:58:01</ModuleTime>
      <ModuleName>Tailspin.SpaceGame.Web.Views</ModuleName>
      <Files>
        <File uid="12" fullPath="C:\Users\jai.prakash\source\repos\AzureDevOps\mslearn-tailspin-spacegame-web\Tailspin.SpaceGame.Web\Views\Home\Index.cshtml" />
        <File uid="13" fullPath="C:\Users\jai.prakash\source\repos\AzureDevOps\mslearn-tailspin-spacegame-web\Tailspin.SpaceGame.Web\Views\Home\Privacy.cshtml" />
        <File uid="14" fullPath="C:\Users\jai.prakash\source\repos\AzureDevOps\mslearn-tailspin-spacegame-web\Tailspin.SpaceGame.Web\Views\Home\Profile.cshtml" />
        <File uid="15" fullPath="C:\Users\jai.prakash\source\repos\AzureDevOps\mslearn-tailspin-spacegame-web\Tailspin.SpaceGame.Web\Views\Shared\Error.cshtml" />
        <File uid="16" fullPath="C:\Users\jai.prakash\source\repos\AzureDevOps\mslearn-tailspin-spacegame-web\Tailspin.SpaceGame.Web\Views\Shared\_CookieConsentPartial.cshtml" />
        <File uid="17" fullPath="C:\Users\jai.prakash\source\repos\AzureDevOps\mslearn-tailspin-spacegame-web\Tailspin.SpaceGame.Web\Views\Shared\_Layout.cshtml" />
        <File uid="18" fullPath="C:\Users\jai.prakash\source\repos\AzureDevOps\mslearn-tailspin-spacegame-web\Tailspin.SpaceGame.Web\Views\_ViewStart.cshtml" />
      </Files>
      <Classes>
        <Class>
          <Summary numSequencePoints="43" visitedSequencePoints="0" numBranchPoints="38" visitedBranchPoints="0" sequenceCoverage="0" branchCoverage="0" maxCyclomaticComplexity="38" minCyclomaticComplexity="38" visitedClasses="0" numClasses="1" visitedMethods="0" numMethods="1" />
          <FullName>AspNetCore.Views_Home_Index/&lt;ExecuteAsync&gt;d__8</FullName>
          <Methods>
            <Method cyclomaticComplexity="38" nPathComplexity="0" sequenceCoverage="0" branchCoverage="0" isConstructor="False" isGetter="False" isSetter="False" isStatic="True">
              <Summary numSequencePoints="43" visitedSequencePoints="0" numBranchPoints="38" visitedBranchPoints="0" sequenceCoverage="0" branchCoverage="0" maxCyclomaticComplexity="38" minCyclomaticComplexity="38" visitedClasses="0" numClasses="0" visitedMethods="0" numMethods="1" />
              <MetadataToken />
              <Name>System.Void AspNetCore.Views_Home_Index/&lt;ExecuteAsync&gt;d__8::MoveNext()</Name>
              <FileRef uid="12" />
              <SequencePoints>
                <SequencePoint vc="0" uspid="3" ordinal="0" sl="3" sc="1" el="3" ec="2" bec="0" bev="0" fileid="12" />
                <SequencePoint vc="0" uspid="57" ordinal="1" sl="57" sc="1" el="57" ec="2" bec="0" bev="0" fileid="12" />
                <SequencePoint vc="0" uspid="62" ordinal="2" sl="62" sc="1" el="62" ec="2" bec="0" bev="0" fileid="12" />
                <SequencePoint vc="0" uspid="63" ordinal="3" sl="63" sc="1" el="63" ec="2" bec="0" bev="0" fileid="12" />
                <SequencePoint vc="0" uspid="67" ordinal="4" sl="67" sc="1" el="67" ec="2" bec="0" bev="0" fileid="12" />
                <SequencePoint vc="0" uspid="71" ordinal="5" sl="71" sc="1" el="71" ec="2" bec="0" bev="0" fileid="12" />
                <SequencePoint vc="0" uspid="72" ordinal="6" sl="72" sc="1" el="72" ec="2" bec="0" bev="0" fileid="12" />
                <SequencePoint vc="0" uspid="73" ordinal="7" sl="73" sc="1" el="73" ec="2" bec="0" bev="0" fileid="12" />
                <SequencePoint vc="0" uspid="75" ordinal="8" sl="75" sc="1" el="75" ec="2" bec="0" bev="0" fileid="12" />
                <SequencePoint vc="0" uspid="81" ordinal="9" sl="81" sc="1" el="81" ec="2" bec="0" bev="0" fileid="12" />
                <SequencePoint vc="0" uspid="84" ordinal="10" sl="84" sc="1" el="84" ec="2" bec="0" bev="0" fileid="12" />
                <SequencePoint vc="0" uspid="87" ordinal="11" sl="87" sc="1" el="87" ec="2" bec="0" bev="0" fileid="12" />
                <SequencePoint vc="0" uspid="90" ordinal="12" sl="90" sc="1" el="90" ec="2" bec="0" bev="0" fileid="12" />
                <SequencePoint vc="0" uspid="94" ordinal="13" sl="94" sc="1" el="94" ec="2" bec="0" bev="0" fileid="12" />
                <SequencePoint vc="0" uspid="97" ordinal="14" sl="97" sc="1" el="97" ec="2" bec="0" bev="0" fileid="12" />
                <SequencePoint vc="0" uspid="100" ordinal="15" sl="100" sc="1" el="100" ec="2" bec="0" bev="0" fileid="12" />
                <SequencePoint vc="0" uspid="103" ordinal="16" sl="103" sc="1" el="103" ec="2" bec="0" bev="0" fileid="12" />
                <SequencePoint vc="0" uspid="104" ordinal="17" sl="104" sc="1" el="104" ec="2" bec="0" bev="0" fileid="12" />
                <SequencePoint vc="0" uspid="106" ordinal="18" sl="106" sc="1" el="106" ec="2" bec="0" bev="0" fileid="12" />
                <SequencePoint vc="0" uspid="109" ordinal="19" sl="109" sc="1" el="109" ec="2" bec="0" bev="0" fileid="12" />
                <SequencePoint vc="0" uspid="111" ordinal="20" sl="111" sc="1" el="111" ec="2" bec="0" bev="0" fileid="12" />
                <SequencePoint vc="0" uspid="112" ordinal="21" sl="112" sc="1" el="112" ec="2" bec="0" bev="0" fileid="12" />
                <SequencePoint vc="0" uspid="113" ordinal="22" sl="113" sc="1" el="113" ec="2" bec="0" bev="0" fileid="12" />
                <SequencePoint vc="0" uspid="119" ordinal="23" sl="119" sc="1" el="119" ec="2" bec="0" bev="0" fileid="12" />
                <SequencePoint vc="0" uspid="122" ordinal="24" sl="122" sc="1" el="122" ec="2" bec="0" bev="0" fileid="12" />
                <SequencePoint vc="0" uspid="125" ordinal="25" sl="125" sc="1" el="125" ec="2" bec="0" bev="0" fileid="12" />
                <SequencePoint vc="0" uspid="136" ordinal="26" sl="136" sc="1" el="136" ec="2" bec="0" bev="0" fileid="12" />
                <SequencePoint vc="0" uspid="139" ordinal="27" sl="139" sc="1" el="139" ec="2" bec="0" bev="0" fileid="12" />
                <SequencePoint vc="0" uspid="143" ordinal="28" sl="143" sc="1" el="143" ec="2" bec="0" bev="0" fileid="12" />
                <SequencePoint vc="0" uspid="147" ordinal="29" sl="147" sc="1" el="147" ec="2" bec="0" bev="0" fileid="12" />
                <SequencePoint vc="0" uspid="149" ordinal="30" sl="149" sc="1" el="149" ec="2" bec="0" bev="0" fileid="12" />
                <SequencePoint vc="0" uspid="151" ordinal="31" sl="151" sc="1" el="151" ec="2" bec="0" bev="0" fileid="12" />
                <SequencePoint vc="0" uspid="152" ordinal="32" sl="152" sc="1" el="152" ec="2" bec="0" bev="0" fileid="12" />
                <SequencePoint vc="0" uspid="155" ordinal="33" sl="155" sc="1" el="155" ec="2" bec="0" bev="0" fileid="12" />
                <SequencePoint vc="0" uspid="165" ordinal="34" sl="165" sc="1" el="165" ec="2" bec="0" bev="0" fileid="12" />
                <SequencePoint vc="0" uspid="168" ordinal="35" sl="168" sc="1" el="168" ec="2" bec="0" bev="0" fileid="12" />
                <SequencePoint vc="0" uspid="171" ordinal="36" sl="171" sc="1" el="171" ec="2" bec="0" bev="0" fileid="12" />
                <SequencePoint vc="0" uspid="175" ordinal="37" sl="175" sc="1" el="175" ec="2" bec="0" bev="0" fileid="12" />
                <SequencePoint vc="0" uspid="177" ordinal="38" sl="177" sc="1" el="177" ec="2" bec="0" bev="0" fileid="12" />
                <SequencePoint vc="0" uspid="179" ordinal="39" sl="179" sc="1" el="179" ec="2" bec="0" bev="0" fileid="12" />
                <SequencePoint vc="0" uspid="180" ordinal="40" sl="180" sc="1" el="180" ec="2" bec="0" bev="0" fileid="12" />
                <SequencePoint vc="0" uspid="183" ordinal="41" sl="183" sc="1" el="183" ec="2" bec="0" bev="0" fileid="12" />
                <SequencePoint vc="0" uspid="211" ordinal="42" sl="211" sc="1" el="211" ec="2" bec="0" bev="0" fileid="12" />
              </SequencePoints>
              <BranchPoints>
                <BranchPoint vc="0" uspid="57" ordinal="0" path="0" offset="510" offsetend="512" sl="57" fileid="12" />
                <BranchPoint vc="0" uspid="57" ordinal="1" path="1" offset="510" offsetend="523" sl="57" fileid="12" />
                <BranchPoint vc="0" uspid="63" ordinal="2" path="0" offset="580" offsetend="585" sl="63" fileid="12" />
                <BranchPoint vc="0" uspid="63" ordinal="15" path="1" offset="1561" offsetend="597" sl="63" fileid="12" />
                <BranchPoint vc="0" uspid="67" ordinal="6" path="0" offset="688" offsetend="690" sl="67" fileid="12" />
                <BranchPoint vc="0" uspid="67" ordinal="7" path="1" offset="688" offsetend="713" sl="67" fileid="12" />
                <BranchPoint vc="0" uspid="71" ordinal="8" path="0" offset="908" offsetend="910" sl="71" fileid="12" />
                <BranchPoint vc="0" uspid="63" ordinal="3" path="1" offset="580" offsetend="946" sl="63" fileid="12" />
                <BranchPoint vc="0" uspid="71" ordinal="9" path="1" offset="908" offsetend="975" sl="71" fileid="12" />
                <BranchPoint vc="0" uspid="71" ordinal="10" path="0" offset="998" offsetend="1000" sl="71" fileid="12" />
                <BranchPoint vc="0" uspid="71" ordinal="12" path="0" offset="1025" offsetend="1027" sl="71" fileid="12" />
                <BranchPoint vc="0" uspid="63" ordinal="5" path="1" offset="587" offsetend="1063" sl="63" fileid="12" />
                <BranchPoint vc="0" uspid="71" ordinal="13" path="1" offset="1025" offsetend="1092" sl="71" fileid="12" />
                <BranchPoint vc="0" uspid="71" ordinal="11" path="1" offset="998" offsetend="1099" sl="71" fileid="12" />
                <BranchPoint vc="0" uspid="63" ordinal="4" path="0" offset="587" offsetend="1550" sl="63" fileid="12" />
                <BranchPoint vc="0" uspid="63" ordinal="14" path="0" offset="1561" offsetend="1566" sl="63" fileid="12" />
                <BranchPoint vc="0" uspid="94" ordinal="16" path="0" offset="1626" offsetend="1628" sl="94" fileid="12" />
                <BranchPoint vc="0" uspid="94" ordinal="17" path="1" offset="1626" offsetend="1644" sl="94" fileid="12" />
                <BranchPoint vc="0" uspid="104" ordinal="18" path="0" offset="1835" offsetend="1837" sl="104" fileid="12" />
                <BranchPoint vc="0" uspid="104" ordinal="19" path="1" offset="1835" offsetend="1841" sl="104" fileid="12" />
                <BranchPoint vc="0" uspid="109" ordinal="23" path="1" offset="2164" offsetend="1849" sl="109" fileid="12" />
                <BranchPoint vc="0" uspid="111" ordinal="20" path="0" offset="1916" offsetend="1918" sl="111" fileid="12" />
                <BranchPoint vc="0" uspid="111" ordinal="21" path="1" offset="1916" offsetend="1921" sl="111" fileid="12" />
                <BranchPoint vc="0" uspid="109" ordinal="22" path="0" offset="2164" offsetend="2169" sl="109" fileid="12" />
                <BranchPoint vc="0" uspid="119" ordinal="24" path="0" offset="2185" offsetend="2187" sl="119" fileid="12" />
                <BranchPoint vc="0" uspid="119" ordinal="25" path="1" offset="2185" offsetend="2203" sl="119" fileid="12" />
                <BranchPoint vc="0" uspid="136" ordinal="26" path="0" offset="2374" offsetend="2376" sl="136" fileid="12" />
[...]
          <FullName>AspNetCore.Views_Shared__Layout/&lt;&lt;ExecuteAsync&gt;b__38_0&gt;d</FullName>
          <Methods>
            <Method cyclomaticComplexity="17" nPathComplexity="0" sequenceCoverage="0" branchCoverage="0" isConstructor="False" isGetter="False" isSetter="False" isStatic="True">
              <Summary numSequencePoints="1" visitedSequencePoints="0" numBranchPoints="17" visitedBranchPoints="0" sequenceCoverage="0" branchCoverage="0" maxCyclomaticComplexity="17" minCyclomaticComplexity="17" visitedClasses="0" numClasses="0" visitedMethods="0" numMethods="1" />
              <MetadataToken />
              <Name>System.Void AspNetCore.Views_Shared__Layout/&lt;&lt;ExecuteAsync&gt;b__38_0&gt;d::MoveNext()</Name>
              <FileRef uid="17" />
              <SequencePoints>
                <SequencePoint vc="0" uspid="6" ordinal="0" sl="6" sc="1" el="6" ec="2" bec="0" bev="0" fileid="17" />
              </SequencePoints>
              <BranchPoints>
                <BranchPoint vc="0" uspid="6" ordinal="0" path="0" offset="15" offsetend="36" sl="6" fileid="17" />
                <BranchPoint vc="0" uspid="6" ordinal="5" path="0" offset="221" offsetend="223" sl="6" fileid="17" />
                <BranchPoint vc="0" uspid="6" ordinal="1" path="1" offset="15" offsetend="258" sl="6" fileid="17" />
                <BranchPoint vc="0" uspid="6" ordinal="6" path="1" offset="221" offsetend="286" sl="6" fileid="17" />
                <BranchPoint vc="0" uspid="6" ordinal="7" path="0" offset="309" offsetend="311" sl="6" fileid="17" />
                <BranchPoint vc="0" uspid="6" ordinal="9" path="0" offset="335" offsetend="337" sl="6" fileid="17" />
                <BranchPoint vc="0" uspid="6" ordinal="2" path="2" offset="15" offsetend="372" sl="6" fileid="17" />
                <BranchPoint vc="0" uspid="6" ordinal="10" path="1" offset="335" offsetend="400" sl="6" fileid="17" />
                <BranchPoint vc="0" uspid="6" ordinal="8" path="1" offset="309" offsetend="407" sl="6" fileid="17" />
                <BranchPoint vc="0" uspid="6" ordinal="11" path="0" offset="594" offsetend="596" sl="6" fileid="17" />
                <BranchPoint vc="0" uspid="6" ordinal="3" path="3" offset="15" offsetend="632" sl="6" fileid="17" />
                <BranchPoint vc="0" uspid="6" ordinal="12" path="1" offset="594" offsetend="661" sl="6" fileid="17" />
                <BranchPoint vc="0" uspid="6" ordinal="13" path="0" offset="684" offsetend="686" sl="6" fileid="17" />
                <BranchPoint vc="0" uspid="6" ordinal="15" path="0" offset="711" offsetend="713" sl="6" fileid="17" />
                <BranchPoint vc="0" uspid="6" ordinal="4" path="4" offset="15" offsetend="746" sl="6" fileid="17" />
                <BranchPoint vc="0" uspid="6" ordinal="16" path="1" offset="711" offsetend="775" sl="6" fileid="17" />
                <BranchPoint vc="0" uspid="6" ordinal="14" path="1" offset="684" offsetend="782" sl="6" fileid="17" />
              </BranchPoints>
              <MethodPoint vc="0" uspid="0" p8:type="SequencePoint" ordinal="0" offset="0" sc="0" sl="6" ec="1" el="6" bec="0" bev="0" fileid="17" xmlns:p8="xsi" />
            </Method>
          </Methods>
        </Class>
        <Class>
          <Summary numSequencePoints="1" visitedSequencePoints="0" numBranchPoints="31" visitedBranchPoints="0" sequenceCoverage="0" branchCoverage="0" maxCyclomaticComplexity="31" minCyclomaticComplexity="31" visitedClasses="0" numClasses="1" visitedMethods="0" numMethods="1" />
          <FullName>AspNetCore.Views_Shared__Layout/&lt;&lt;ExecuteAsync&gt;b__38_9&gt;d</FullName>
          <Methods>
            <Method cyclomaticComplexity="31" nPathComplexity="0" sequenceCoverage="0" branchCoverage="0" isConstructor="False" isGetter="False" isSetter="False" isStatic="True">
              <Summary numSequencePoints="1" visitedSequencePoints="0" numBranchPoints="31" visitedBranchPoints="0" sequenceCoverage="0" branchCoverage="0" maxCyclomaticComplexity="31" minCyclomaticComplexity="31" visitedClasses="0" numClasses="0" visitedMethods="0" numMethods="1" />
              <MetadataToken />
              <Name>System.Void AspNetCore.Views_Shared__Layout/&lt;&lt;ExecuteAsync&gt;b__38_9&gt;d::MoveNext()</Name>
              <FileRef uid="17" />
              <SequencePoints>
                <SequencePoint vc="0" uspid="31" ordinal="0" sl="31" sc="1" el="31" ec="2" bec="0" bev="0" fileid="17" />
              </SequencePoints>
              <BranchPoints>
                <BranchPoint vc="0" uspid="31" ordinal="0" path="0" offset="15" offsetend="44" sl="31" fileid="17" />
                <BranchPoint vc="0" uspid="31" ordinal="7" path="0" offset="79" offsetend="81" sl="31" fileid="17" />
                <BranchPoint vc="0" uspid="31" ordinal="8" path="1" offset="79" offsetend="104" sl="31" fileid="17" />
                <BranchPoint vc="0" uspid="31" ordinal="9" path="0" offset="189" offsetend="191" sl="31" fileid="17" />
                <BranchPoint vc="0" uspid="31" ordinal="1" path="1" offset="15" offsetend="226" sl="31" fileid="17" />
                <BranchPoint vc="0" uspid="31" ordinal="10" path="1" offset="189" offsetend="254" sl="31" fileid="17" />
                <BranchPoint vc="0" uspid="31" ordinal="11" path="0" offset="277" offsetend="279" sl="31" fileid="17" />
                <BranchPoint vc="0" uspid="31" ordinal="13" path="0" offset="303" offsetend="305" sl="31" fileid="17" />
                <BranchPoint vc="0" uspid="31" ordinal="2" path="2" offset="15" offsetend="340" sl="31" fileid="17" />
                <BranchPoint vc="0" uspid="31" ordinal="14" path="1" offset="303" offsetend="368" sl="31" fileid="17" />
                <BranchPoint vc="0" uspid="31" ordinal="12" path="1" offset="277" offsetend="375" sl="31" fileid="17" />
                <BranchPoint vc="0" uspid="31" ordinal="15" path="0" offset="444" offsetend="446" sl="31" fileid="17" />
                <BranchPoint vc="0" uspid="31" ordinal="16" path="1" offset="444" offsetend="469" sl="31" fileid="17" />
                <BranchPoint vc="0" uspid="31" ordinal="17" path="0" offset="555" offsetend="557" sl="31" fileid="17" />
                <BranchPoint vc="0" uspid="31" ordinal="3" path="3" offset="15" offsetend="593" sl="31" fileid="17" />
                <BranchPoint vc="0" uspid="31" ordinal="18" path="1" offset="555" offsetend="622" sl="31" fileid="17" />
                <BranchPoint vc="0" uspid="31" ordinal="19" path="0" offset="645" offsetend="647" sl="31" fileid="17" />
                <BranchPoint vc="0" uspid="31" ordinal="21" path="0" offset="672" offsetend="674" sl="31" fileid="17" />
                <BranchPoint vc="0" uspid="31" ordinal="4" path="4" offset="15" offsetend="710" sl="31" fileid="17" />
                <BranchPoint vc="0" uspid="31" ordinal="22" path="1" offset="672" offsetend="739" sl="31" fileid="17" />
                <BranchPoint vc="0" uspid="31" ordinal="20" path="1" offset="645" offsetend="746" sl="31" fileid="17" />
                <BranchPoint vc="0" uspid="31" ordinal="23" path="0" offset="815" offsetend="817" sl="31" fileid="17" />
                <BranchPoint vc="0" uspid="31" ordinal="24" path="1" offset="815" offsetend="840" sl="31" fileid="17" />
                <BranchPoint vc="0" uspid="31" ordinal="25" path="0" offset="1031" offsetend="1033" sl="31" fileid="17" />
                <BranchPoint vc="0" uspid="31" ordinal="5" path="5" offset="15" offsetend="1069" sl="31" fileid="17" />
                <BranchPoint vc="0" uspid="31" ordinal="26" path="1" offset="1031" offsetend="1098" sl="31" fileid="17" />
                <BranchPoint vc="0" uspid="31" ordinal="27" path="0" offset="1121" offsetend="1123" sl="31" fileid="17" />
                <BranchPoint vc="0" uspid="31" ordinal="29" path="0" offset="1148" offsetend="1150" sl="31" fileid="17" />
                <BranchPoint vc="0" uspid="31" ordinal="6" path="6" offset="15" offsetend="1183" sl="31" fileid="17" />
                <BranchPoint vc="0" uspid="31" ordinal="30" path="1" offset="1148" offsetend="1212" sl="31" fileid="17" />
                <BranchPoint vc="0" uspid="31" ordinal="28" path="1" offset="1121" offsetend="1219" sl="31" fileid="17" />
              </BranchPoints>
              <MethodPoint vc="0" uspid="0" p8:type="SequencePoint" ordinal="0" offset="0" sc="0" sl="31" ec="1" el="31" bec="0" bev="0" fileid="17" xmlns:p8="xsi" />
            </Method>
          </Methods>
        </Class>
        <Class>
          <Summary numSequencePoints="1" visitedSequencePoints="0" numBranchPoints="27" visitedBranchPoints="0" sequenceCoverage="0" branchCoverage="0" maxCyclomaticComplexity="27" minCyclomaticComplexity="27" visitedClasses="0" numClasses="1" visitedMethods="0" numMethods="1" />
          <FullName>AspNetCore.Views_Shared__Layout/&lt;&lt;ExecuteAsync&gt;b__38_10&gt;d</FullName>
          <Methods>
            <Method cyclomaticComplexity="27" nPathComplexity="0" sequenceCoverage="0" branchCoverage="0" isConstructor="False" isGetter="False" isSetter="False" isStatic="True">
              <Summary numSequencePoints="1" visitedSequencePoints="0" numBranchPoints="27" visitedBranchPoints="0" sequenceCoverage="0" branchCoverage="0" maxCyclomaticComplexity="27" minCyclomaticComplexity="27" visitedClasses="0" numClasses="0" visitedMethods="0" numMethods="1" />
              <MetadataToken />
              <Name>System.Void AspNetCore.Views_Shared__Layout/&lt;&lt;ExecuteAsync&gt;b__38_10&gt;d::MoveNext()</Name>
              <FileRef uid="17" />
              <SequencePoints>
                <SequencePoint vc="0" uspid="46" ordinal="0" sl="46" sc="1" el="46" ec="2" bec="0" bev="0" fileid="17" />
              </SequencePoints>
              <BranchPoints>
                <BranchPoint vc="0" uspid="46" ordinal="0" path="0" offset="15" offsetend="44" sl="46" fileid="17" />
                <BranchPoint vc="0" uspid="46" ordinal="7" path="0" offset="312" offsetend="314" sl="46" fileid="17" />
                <BranchPoint vc="0" uspid="46" ordinal="1" path="1" offset="15" offsetend="349" sl="46" fileid="17" />
                <BranchPoint vc="0" uspid="46" ordinal="8" path="1" offset="312" offsetend="377" sl="46" fileid="17" />
                <BranchPoint vc="0" uspid="46" ordinal="9" path="0" offset="400" offsetend="402" sl="46" fileid="17" />
                <BranchPoint vc="0" uspid="46" ordinal="11" path="0" offset="426" offsetend="428" sl="46" fileid="17" />
                <BranchPoint vc="0" uspid="46" ordinal="2" path="2" offset="15" offsetend="463" sl="46" fileid="17" />
                <BranchPoint vc="0" uspid="46" ordinal="12" path="1" offset="426" offsetend="491" sl="46" fileid="17" />
                <BranchPoint vc="0" uspid="46" ordinal="10" path="1" offset="400" offsetend="498" sl="46" fileid="17" />
                <BranchPoint vc="0" uspid="46" ordinal="13" path="0" offset="801" offsetend="803" sl="46" fileid="17" />
                <BranchPoint vc="0" uspid="46" ordinal="3" path="3" offset="15" offsetend="839" sl="46" fileid="17" />
                <BranchPoint vc="0" uspid="46" ordinal="14" path="1" offset="801" offsetend="868" sl="46" fileid="17" />
                <BranchPoint vc="0" uspid="46" ordinal="15" path="0" offset="891" offsetend="893" sl="46" fileid="17" />
                <BranchPoint vc="0" uspid="46" ordinal="17" path="0" offset="918" offsetend="920" sl="46" fileid="17" />
                <BranchPoint vc="0" uspid="46" ordinal="4" path="4" offset="15" offsetend="956" sl="46" fileid="17" />
                <BranchPoint vc="0" uspid="46" ordinal="18" path="1" offset="918" offsetend="985" sl="46" fileid="17" />
                <BranchPoint vc="0" uspid="46" ordinal="16" path="1" offset="891" offsetend="992" sl="46" fileid="17" />
                <BranchPoint vc="0" uspid="46" ordinal="19" path="0" offset="1061" offsetend="1063" sl="46" fileid="17" />
                <BranchPoint vc="0" uspid="46" ordinal="20" path="1" offset="1061" offsetend="1086" sl="46" fileid="17" />
                <BranchPoint vc="0" uspid="46" ordinal="21" path="0" offset="1277" offsetend="1279" sl="46" fileid="17" />
                <BranchPoint vc="0" uspid="46" ordinal="5" path="5" offset="15" offsetend="1315" sl="46" fileid="17" />
                <BranchPoint vc="0" uspid="46" ordinal="22" path="1" offset="1277" offsetend="1344" sl="46" fileid="17" />
                <BranchPoint vc="0" uspid="46" ordinal="23" path="0" offset="1367" offsetend="1369" sl="46" fileid="17" />
                <BranchPoint vc="0" uspid="46" ordinal="25" path="0" offset="1394" offsetend="1396" sl="46" fileid="17" />
                <BranchPoint vc="0" uspid="46" ordinal="6" path="6" offset="15" offsetend="1429" sl="46" fileid="17" />
                <BranchPoint vc="0" uspid="46" ordinal="26" path="1" offset="1394" offsetend="1458" sl="46" fileid="17" />
                <BranchPoint vc="0" uspid="46" ordinal="24" path="1" offset="1367" offsetend="1465" sl="46" fileid="17" />
              </BranchPoints>
              <MethodPoint vc="0" uspid="0" p8:type="SequencePoint" ordinal="0" offset="0" sc="0" sl="46" ec="1" el="46" bec="0" bev="0" fileid="17" xmlns:p8="xsi" />
            </Method>
          </Methods>
        </Class>
        <Class>
          <Summary numSequencePoints="2" visitedSequencePoints="0" numBranchPoints="27" visitedBranchPoints="0" sequenceCoverage="0" branchCoverage="0" maxCyclomaticComplexity="27" minCyclomaticComplexity="27" visitedClasses="0" numClasses="1" visitedMethods="0" numMethods="1" />
          <FullName>AspNetCore.Views_Shared__Layout/&lt;&lt;ExecuteAsync&gt;b__38_1&gt;d</FullName>
          <Methods>
            <Method cyclomaticComplexity="27" nPathComplexity="0" sequenceCoverage="0" branchCoverage="0" isConstructor="False" isGetter="False" isSetter="False" isStatic="True">
              <Summary numSequencePoints="2" visitedSequencePoints="0" numBranchPoints="27" visitedBranchPoints="0" sequenceCoverage="0" branchCoverage="0" maxCyclomaticComplexity="27" minCyclomaticComplexity="27" visitedClasses="0" numClasses="0" visitedMethods="0" numMethods="1" />
              <MetadataToken />
              <Name>System.Void AspNetCore.Views_Shared__Layout/&lt;&lt;ExecuteAsync&gt;b__38_1&gt;d::MoveNext()</Name>
              <FileRef uid="17" />
              <SequencePoints>
                <SequencePoint vc="0" uspid="24" ordinal="0" sl="24" sc="1" el="24" ec="2" bec="0" bev="0" fileid="17" />
                <SequencePoint vc="0" uspid="49" ordinal="1" sl="49" sc="1" el="49" ec="2" bec="0" bev="0" fileid="17" />
              </SequencePoints>
              <BranchPoints>
                <BranchPoint vc="0" uspid="24" ordinal="0" path="0" offset="15" offsetend="44" sl="24" fileid="17" />
                <BranchPoint vc="0" uspid="24" ordinal="7" path="0" offset="79" offsetend="81" sl="24" fileid="17" />
                <BranchPoint vc="0" uspid="24" ordinal="8" path="1" offset="79" offsetend="104" sl="24" fileid="17" />
                <BranchPoint vc="0" uspid="24" ordinal="9" path="0" offset="215" offsetend="217" sl="24" fileid="17" />
                <BranchPoint vc="0" uspid="24" ordinal="1" path="1" offset="15" offsetend="252" sl="24" fileid="17" />
                <BranchPoint vc="0" uspid="24" ordinal="10" path="1" offset="215" offsetend="280" sl="24" fileid="17" />
                <BranchPoint vc="0" uspid="24" ordinal="11" path="0" offset="303" offsetend="305" sl="24" fileid="17" />
                <BranchPoint vc="0" uspid="24" ordinal="13" path="0" offset="329" offsetend="331" sl="24" fileid="17" />
                <BranchPoint vc="0" uspid="24" ordinal="2" path="2" offset="15" offsetend="366" sl="24" fileid="17" />
                <BranchPoint vc="0" uspid="24" ordinal="14" path="1" offset="329" offsetend="394" sl="24" fileid="17" />
                <BranchPoint vc="0" uspid="24" ordinal="12" path="1" offset="303" offsetend="401" sl="24" fileid="17" />
                <BranchPoint vc="0" uspid="24" ordinal="15" path="0" offset="611" offsetend="613" sl="24" fileid="17" />
                <BranchPoint vc="0" uspid="24" ordinal="3" path="3" offset="15" offsetend="649" sl="24" fileid="17" />
                <BranchPoint vc="0" uspid="24" ordinal="16" path="1" offset="611" offsetend="678" sl="24" fileid="17" />
                <BranchPoint vc="0" uspid="24" ordinal="17" path="0" offset="701" offsetend="703" sl="24" fileid="17" />
                <BranchPoint vc="0" uspid="24" ordinal="19" path="0" offset="728" offsetend="730" sl="24" fileid="17" />
                <BranchPoint vc="0" uspid="24" ordinal="4" path="4" offset="15" offsetend="766" sl="24" fileid="17" />
                <BranchPoint vc="0" uspid="24" ordinal="20" path="1" offset="728" offsetend="795" sl="24" fileid="17" />
                <BranchPoint vc="0" uspid="24" ordinal="18" path="1" offset="701" offsetend="802" sl="24" fileid="17" />
                <BranchPoint vc="0" uspid="24" ordinal="21" path="0" offset="989" offsetend="991" sl="24" fileid="17" />
                <BranchPoint vc="0" uspid="24" ordinal="5" path="5" offset="15" offsetend="1027" sl="24" fileid="17" />
                <BranchPoint vc="0" uspid="24" ordinal="22" path="1" offset="989" offsetend="1056" sl="24" fileid="17" />
                <BranchPoint vc="0" uspid="24" ordinal="23" path="0" offset="1079" offsetend="1081" sl="24" fileid="17" />
                <BranchPoint vc="0" uspid="24" ordinal="25" path="0" offset="1106" offsetend="1108" sl="24" fileid="17" />
                <BranchPoint vc="0" uspid="24" ordinal="6" path="6" offset="15" offsetend="1144" sl="24" fileid="17" />
                <BranchPoint vc="0" uspid="24" ordinal="26" path="1" offset="1106" offsetend="1173" sl="24" fileid="17" />
                <BranchPoint vc="0" uspid="24" ordinal="24" path="1" offset="1079" offsetend="1180" sl="24" fileid="17" />
              </BranchPoints>
              <MethodPoint vc="0" uspid="0" p8:type="SequencePoint" ordinal="0" offset="0" sc="0" sl="24" ec="1" el="49" bec="0" bev="0" fileid="17" xmlns:p8="xsi" />
            </Method>
          </Methods>
        </Class>
        <Class>
          <Summary numSequencePoints="1" visitedSequencePoints="0" numBranchPoints="0" visitedBranchPoints="0" sequenceCoverage="0" branchCoverage="100" maxCyclomaticComplexity="1" minCyclomaticComplexity="1" visitedClasses="0" numClasses="1" visitedMethods="0" numMethods="1" />
          <FullName>AspNetCore.Views__ViewStart/&lt;ExecuteAsync&gt;d__0</FullName>
          <Methods>
            <Method cyclomaticComplexity="1" nPathComplexity="0" sequenceCoverage="0" branchCoverage="100" isConstructor="False" isGetter="False" isSetter="False" isStatic="True">
              <Summary numSequencePoints="1" visitedSequencePoints="0" numBranchPoints="0" visitedBranchPoints="0" sequenceCoverage="0" branchCoverage="100" maxCyclomaticComplexity="1" minCyclomaticComplexity="1" visitedClasses="0" numClasses="0" visitedMethods="0" numMethods="1" />
              <MetadataToken />
              <Name>System.Void AspNetCore.Views__ViewStart/&lt;ExecuteAsync&gt;d__0::MoveNext()</Name>
              <FileRef uid="18" />
              <SequencePoints>
                <SequencePoint vc="0" uspid="2" ordinal="0" sl="2" sc="1" el="2" ec="2" bec="0" bev="0" fileid="18" />
              </SequencePoints>
              <BranchPoints />
              <MethodPoint vc="0" uspid="0" p8:type="SequencePoint" ordinal="0" offset="0" sc="0" sl="2" ec="1" el="2" bec="0" bev="0" fileid="18" xmlns:p8="xsi" />
            </Method>
          </Methods>
        </Class>
      </Classes>
    </Module>
  </Modules>
</CoverageSession>